#
# A fatal error has been detected by the Java Runtime Environment:
#
#  EXCEPTION_ACCESS_VIOLATION (0xc0000005) at pc=0x00007ffbdd29f9a6, pid=2568, tid=12768
#
# JRE version: OpenJDK Runtime Environment OpenLogic-OpenJDK (17.0.10+7) (build 17.0.10+7-adhoc..jdk17u)
# Java VM: OpenJDK 64-Bit Server VM OpenLogic-OpenJDK (17.0.10+7-adhoc..jdk17u, mixed mode, sharing, tiered, compressed oops, compressed class ptrs, g1 gc, windows-amd64)
# Problematic frame:
# V  [jvm.dll+0x30f9a6]
#
# No core dump will be written. Minidumps are not enabled by default on client versions of Windows
#
# If you would like to submit a bug report, please visit:
#   https://techsupport.roguewave.com/
#

---------------  S U M M A R Y ------------

Command Line: -XX:MaxMetaspaceSize=512m --add-opens=java.base/java.util=ALL-UNNAMED --add-opens=java.base/java.lang=ALL-UNNAMED --add-opens=java.base/java.lang.invoke=ALL-UNNAMED --add-opens=java.prefs/java.util.prefs=ALL-UNNAMED --add-opens=java.base/java.nio.charset=ALL-UNNAMED --add-opens=java.base/java.net=ALL-UNNAMED --add-opens=java.base/java.util.concurrent.atomic=ALL-UNNAMED -Xmx2048m -Dfile.encoding=windows-1252 -Duser.country=IN -Duser.language=en -Duser.variant -javaagent:C:\Users\DELL\.gradle\wrapper\dists\gradle-8.3-all\6en3ugtfdg5xnpx44z4qbwgas\gradle-8.3\lib\agents\gradle-instrumentation-agent-8.3.jar org.gradle.launcher.daemon.bootstrap.GradleDaemon 8.3

Host: Intel(R) Core(TM) i5-6440HQ CPU @ 2.60GHz, 4 cores, 7G,  Windows 10 , 64 bit Build 19041 (10.0.19041.4597)
Time: Wed Jul 10 12:54:33 2024 India Standard Time elapsed time: 54.645130 seconds (0d 0h 0m 54s)

---------------  T H R E A D  ---------------

Current thread (0x0000025184d10dd0):  ConcurrentGCThread "G1 Conc#0" [stack: 0x0000008546d00000,0x0000008546e00000] [id=12768]

Stack: [0x0000008546d00000,0x0000008546e00000],  sp=0x0000008546dff7c8,  free space=1021k
Native frames: (J=compiled Java code, j=interpreted, Vv=VM code, C=native code)
V  [jvm.dll+0x30f9a6]


siginfo: EXCEPTION_ACCESS_VIOLATION (0xc0000005), reading address 0x0000000000000088


Registers:
RAX=0x0000025184ccc480, RBX=0x0000000086159720, RCX=0x0000000000000000, RDX=0x0000008546dffa68
RSP=0x0000008546dff7c8, RBP=0x0000008546dffa68, RSI=0x0000000086159724, RDI=0x00000251a4137828
R8 =0x0000000000000008, R9 =0x0000000086159720, R10=0x0000000000000047, R11=0x0000025184d24110
R12=0x00007ffbdcf90000, R13=0x0000008546dffa50, R14=0x00000251a4137830, R15=0x0000000086159700
RIP=0x00007ffbdd29f9a6, EFLAGS=0x0000000000010246


Register to memory mapping:

RIP=0x00007ffbdd29f9a6 jvm.dll
RAX=0x0000025184ccc480 points into unknown readable memory: 0x0000000000000000 | 00 00 00 00 00 00 00 00
RBX=0x0000000086159720 is pointing into object: java.util.LinkedHashMap$Entry 
{0x0000000086159700} - klass: 'java/util/LinkedHashMap$Entry'
 - ---- fields (total size 5 words):
 - final 'hash' 'I' @12  164390747 (9cc675b)
 - final 'key' 'Ljava/lang/Object;' @16  a 'org/gradle/api/internal/file/collections/DefaultConfigurableFileCollection'{0x0000000086159498} (86159498)
 - 'value' 'Ljava/lang/Object;' @20  a 'java/lang/Object'{0x00000000801603b8} (801603b8)
 - 'next' 'Ljava/util/HashMap$Node;' @24  NULL (0)
 - 'before' 'Ljava/util/LinkedHashMap$Entry;' @28  NULL (0)
 - 'after' 'Ljava/util/LinkedHashMap$Entry;' @32  
[error occurred during error reporting (printing register info), id 0xc0000005, EXCEPTION_ACCESS_VIOLATION (0xc0000005) at pc=0x00007ffbdd32443e]

Top of Stack: (sp=0x0000008546dff7c8)
0x0000008546dff7c8:   00007ffbdd2a157d 00000251a3a82ed0
0x0000008546dff7d8:   00007ffbdd2a2220 0000000086158824
0x0000008546dff7e8:   0000000000000000 0000025184cfeb60
0x0000008546dff7f8:   0000000086180000 0000000000000000
0x0000008546dff808:   00007ffbdd2a70e8 0000000086159700
0x0000008546dff818:   0000000000000005 0000000086100000
0x0000008546dff828:   000000008614c738 000000008613ffe0
0x0000008546dff838:   0000000000000007 0000000086140000
0x0000008546dff848:   0000000000008000 0000000086140000
0x0000008546dff858:   0000000000008000 0000000086140000
0x0000008546dff868:   0000000000000003 00000251a3a82eb0
0x0000008546dff878:   00007ffbdd606c0f 0000000086140000
0x0000008546dff888:   0000000000008000 0000000000000000
0x0000008546dff898:   0000000000000000 00000000208f4a10
0x0000008546dff8a8:   00000020f4956585 0000000000000000
0x0000008546dff8b8:   0000000000008000 0000000000000061
0x0000008546dff8c8:   0000000086100000 00000251a3a82eb0
0x0000008546dff8d8:   00007ffbdd2a5c72 0000000086140000
0x0000008546dff8e8:   0000008546dffa50 0000000086200000
0x0000008546dff8f8:   00007ffbdd606b3c 00000251a3a82eb0
0x0000008546dff908:   0000008546dff960 0000000000000000
0x0000008546dff918:   0000000000000000 0000000086140000
0x0000008546dff928:   0000000000008000 0000000086100000
0x0000008546dff938:   0000000000020000 0000000086140000
0x0000008546dff948:   0000000000008000 000000000103e052
0x0000008546dff958:   00007ffc461cc7a5 0000000086140000
0x0000008546dff968:   0000000000008000 00000000208f4a10
0x0000008546dff978:   00000020f4956585 00000000208f4a0f
0x0000008546dff988:   00000020f49564c5 0000000000000000
0x0000008546dff998:   0000000000000000 0000000000000000
0x0000008546dff9a8:   0000000000000000 0000000000000000
0x0000008546dff9b8:   0000008546dffa50 0000000000000000 

Instructions: (pc=0x00007ffbdd29f9a6)
0x00007ffbdd29f8a6:   1c c1 74 10 4e 89 1c c1 49 8b d1 49 8d 4a 58 e9
0x00007ffbdd29f8b6:   76 0d 05 00 c3 cc cc cc cc cc 4c 8b ca 48 8b d1
0x00007ffbdd29f8c6:   4d 8b 01 4d 85 c0 74 76 8b 0d 3c 44 87 00 49 8b
0x00007ffbdd29f8d6:   c0 49 33 c1 48 d3 e8 48 85 c0 74 62 48 8b 42 10
0x00007ffbdd29f8e6:   8b 88 c0 01 00 00 48 8b 80 b0 01 00 00 49 d3 e8
0x00007ffbdd29f8f6:   4a 8b 0c c0 44 8b 42 18 4c 8b 99 88 00 00 00 41
0x00007ffbdd29f906:   83 bb c8 00 00 00 00 74 35 49 8b 83 c0 00 00 00
0x00007ffbdd29f916:   4d 8b d1 49 c1 ea 09 8b 88 90 00 00 00 48 8b 05
0x00007ffbdd29f926:   86 2e 87 00 48 8b 0c c8 4e 39 14 c1 74 10 4e 89
0x00007ffbdd29f936:   14 c1 49 8b d1 49 8d 4b 58 e9 ec 0c 05 00 c3 cc
0x00007ffbdd29f946:   cc cc cc cc cc cc cc cc cc cc 4c 8b ca 48 8b d1
0x00007ffbdd29f956:   41 8b 01 85 c0 0f 84 8b 00 00 00 8b 0d 81 79 80
0x00007ffbdd29f966:   00 44 8b c0 49 d3 e0 4c 03 05 6c 79 80 00 74 76
0x00007ffbdd29f976:   8b 0d 94 43 87 00 49 8b c0 49 33 c1 48 d3 e8 48
0x00007ffbdd29f986:   85 c0 74 62 48 8b 42 10 8b 88 c0 01 00 00 48 8b
0x00007ffbdd29f996:   80 b0 01 00 00 49 d3 e8 4a 8b 0c c0 44 8b 42 18
0x00007ffbdd29f9a6:   4c 8b 99 88 00 00 00 41 83 bb c8 00 00 00 00 74
0x00007ffbdd29f9b6:   35 49 8b 83 c0 00 00 00 4d 8b d1 49 c1 ea 09 8b
0x00007ffbdd29f9c6:   88 90 00 00 00 48 8b 05 de 2d 87 00 48 8b 0c c8
0x00007ffbdd29f9d6:   4e 39 14 c1 74 10 4e 89 14 c1 49 8b d1 49 8d 4b
0x00007ffbdd29f9e6:   58 e9 44 0c 05 00 c3 cc cc cc 48 89 6c 24 10 48
0x00007ffbdd29f9f6:   89 74 24 18 57 48 83 ec 20 48 8b 32 48 8b fa 48
0x00007ffbdd29fa06:   8b e9 48 85 f6 74 73 48 8b 41 10 4c 8b c6 48 89
0x00007ffbdd29fa16:   5c 24 30 8b 88 90 05 00 00 48 8b 80 80 05 00 00
0x00007ffbdd29fa26:   49 d3 e8 42 0f b7 1c 40 0f b7 c3 66 c1 e8 08 84
0x00007ffbdd29fa36:   c0 78 0b 48 8b 4d 18 e8 2e 1a fd ff eb 37 8b 0d
0x00007ffbdd29fa46:   c6 42 87 00 48 8b c6 48 33 c7 48 d3 e8 48 85 c0
0x00007ffbdd29fa56:   74 23 4c 8b ce 4c 8b c7 0f b7 d3 48 8b cd e8 87
0x00007ffbdd29fa66:   84 ff ff 48 8b 4d 18 4c 8b ce 4c 8b c7 0f b7 d3
0x00007ffbdd29fa76:   e8 25 84 ff ff 48 8b 5c 24 30 48 8b 6c 24 38 48
0x00007ffbdd29fa86:   8b 74 24 40 48 83 c4 20 5f c3 48 89 6c 24 18 57
0x00007ffbdd29fa96:   48 83 ec 20 8b 02 48 8b fa 48 8b e9 85 c0 0f 84 


Stack slot to memory mapping:
stack at sp + 0 slots: 0x00007ffbdd2a157d jvm.dll
stack at sp + 1 slots: 0x00000251a3a82ed0 points into unknown readable memory: 0x0000000086200000 | 00 00 20 86 00 00 00 00
stack at sp + 2 slots: 0x00007ffbdd2a2220 jvm.dll
stack at sp + 3 slots: 0x0000000086158824 is pointing into object: java.util.LinkedHashMap 
{0x0000000086158800} - klass: 'java/util/LinkedHashMap'
 - ---- fields (total size 7 words):
 - transient 'keySet' 'Ljava/util/Set;' @12  NULL (0)
 - transient 'values' 'Ljava/util/Collection;' @16  NULL (0)
 - transient 'size' 'I' @20  1
 - transient 'modCount' 'I' @24  1
 - 'threshold' 'I' @28  12 (c)
 - final 'loadFactor' 'F' @32  0.750000 (3f400000)
 - transient 'table' '[Ljava/util/HashMap$Node;' @36  a 'java/util/HashMap$Node'[16] {0x000000008a503388} (8a503388)
 - transient 'entrySet' 'Ljava/util/Set;' @40  NULL (0)
 - final 'accessOrder' 'Z' @44  false
 - transient 'head' 'Ljava/util/LinkedHashMap$Entry;' @48  a 'java/util/LinkedHashMap$Entry'{0x000000008a5033d8} (8a5033d8)
 - transient 'tail' 'Ljava/util/LinkedHashMap$Entry;' @52  a 'java/util/LinkedHashMap$Entry'{0x000000008a5033d8} (8a5033d8)
stack at sp + 4 slots: 0x0 is NULL
stack at sp + 5 slots: 0x0000025184cfeb60 points into unknown readable memory: 0x00007ffbdd8e4b38 | 38 4b 8e dd fb 7f 00 00
stack at sp + 6 slots: 0x0000000086180000 is pointing into object: [B 
{0x000000008617ffc0} - klass: {type array byte}
 - length: 103
stack at sp + 7 slots: 0x0 is NULL


---------------  P R O C E S S  ---------------

Threads class SMR info:
_java_thread_list=0x00000251c8713440, length=70, elements={
0x0000025184ca4210, 0x00000251a3bf3ef0, 0x00000251a3bf4c80, 0x00000251a3c0bae0,
0x00000251a3c0f4d0, 0x00000251a3c0fda0, 0x00000251a3c10670, 0x00000251a3c11320,
0x00000251c3000080, 0x00000251c3006d70, 0x00000251a3bdd410, 0x00000251c317ae40,
0x00000251c4bb5ab0, 0x00000251c51fa4b0, 0x00000251c4571320, 0x00000251c485ceb0,
0x00000251c4a9e0c0, 0x00000251c4841030, 0x00000251c4841510, 0x00000251c5692aa0,
0x00000251c5694900, 0x00000251c5694e10, 0x00000251c5693ee0, 0x00000251c5692fb0,
0x00000251c56943f0, 0x00000251c5695320, 0x00000251c5695830, 0x00000251c5692080,
0x00000251c56934c0, 0x00000251c56939d0, 0x00000251a3c3d9d0, 0x00000251a3c3f320,
0x00000251a3c3ee10, 0x00000251a3c3e900, 0x00000251a3c43f10, 0x00000251a3c3cfb0,
0x00000251a3c40250, 0x00000251a3c3d4c0, 0x00000251a3c40760, 0x00000251a3c42fe0,
0x00000251a3c434f0, 0x00000251a3c41690, 0x00000251a3c425c0, 0x00000251a3c41ba0,
0x00000251a3c43a00, 0x00000251a3c41180, 0x00000251a3c42ad0, 0x00000251a3c3dee0,
0x00000251a3c44930, 0x00000251a3c3e3f0, 0x00000251c438bd90, 0x00000251c43871a0,
0x00000251c438b370, 0x00000251c438c7b0, 0x00000251c4386780, 0x00000251c438ccc0,
0x00000251c4389a20, 0x00000251c4385d60, 0x00000251c43880d0, 0x00000251c43885e0,
0x00000251c4387bc0, 0x00000251c4389510, 0x00000251c438d6e0, 0x00000251c4388af0,
0x00000251c4389f30, 0x00000251c438b880, 0x00000251c5873070, 0x00000251c438d1d0,
0x00000251c8cb81a0, 0x00000251c8cb6d60
}

Java Threads: ( => current thread )
  0x0000025184ca4210 JavaThread "main" [_thread_blocked, id=12544, stack(0x0000008546a00000,0x0000008546b00000)]
  0x00000251a3bf3ef0 JavaThread "Reference Handler" daemon [_thread_blocked, id=11192, stack(0x0000008547100000,0x0000008547200000)]
  0x00000251a3bf4c80 JavaThread "Finalizer" daemon [_thread_blocked, id=1620, stack(0x0000008547200000,0x0000008547300000)]
  0x00000251a3c0bae0 JavaThread "Signal Dispatcher" daemon [_thread_blocked, id=7156, stack(0x0000008547300000,0x0000008547400000)]
  0x00000251a3c0f4d0 JavaThread "Attach Listener" daemon [_thread_blocked, id=1968, stack(0x0000008547400000,0x0000008547500000)]
  0x00000251a3c0fda0 JavaThread "Service Thread" daemon [_thread_blocked, id=5964, stack(0x0000008547500000,0x0000008547600000)]
  0x00000251a3c10670 JavaThread "Monitor Deflation Thread" daemon [_thread_blocked, id=1560, stack(0x0000008547600000,0x0000008547700000)]
  0x00000251a3c11320 JavaThread "C2 CompilerThread0" daemon [_thread_blocked, id=1036, stack(0x0000008547700000,0x0000008547800000)]
  0x00000251c3000080 JavaThread "C1 CompilerThread0" daemon [_thread_blocked, id=4756, stack(0x0000008547800000,0x0000008547900000)]
  0x00000251c3006d70 JavaThread "Sweeper thread" daemon [_thread_blocked, id=12832, stack(0x0000008547900000,0x0000008547a00000)]
  0x00000251a3bdd410 JavaThread "Common-Cleaner" daemon [_thread_blocked, id=12524, stack(0x0000008547a00000,0x0000008547b00000)]
  0x00000251c317ae40 JavaThread "Notification Thread" daemon [_thread_blocked, id=6764, stack(0x0000008547b00000,0x0000008547c00000)]
  0x00000251c4bb5ab0 JavaThread "Daemon health stats" [_thread_blocked, id=2836, stack(0x0000008548100000,0x0000008548200000)]
  0x00000251c51fa4b0 JavaThread "Incoming local TCP Connector on port 49928" [_thread_in_native, id=10136, stack(0x0000008548200000,0x0000008548300000)]
  0x00000251c4571320 JavaThread "Daemon periodic checks" [_thread_blocked, id=11524, stack(0x0000008548300000,0x0000008548400000)]
  0x00000251c485ceb0 JavaThread "Daemon" [_thread_blocked, id=11596, stack(0x0000008548400000,0x0000008548500000)]
  0x00000251c4a9e0c0 JavaThread "Handler for socket connection from /127.0.0.1:49928 to /127.0.0.1:49929" [_thread_in_native, id=3336, stack(0x0000008548500000,0x0000008548600000)]
  0x00000251c4841030 JavaThread "Cancel handler" [_thread_blocked, id=10528, stack(0x0000008548600000,0x0000008548700000)]
  0x00000251c4841510 JavaThread "Daemon worker" [_thread_in_vm, id=10092, stack(0x0000008548700000,0x0000008548800000)]
  0x00000251c5692aa0 JavaThread "Asynchronous log dispatcher for DefaultDaemonConnection: socket connection from /127.0.0.1:49928 to /127.0.0.1:49929" [_thread_blocked, id=2420, stack(0x0000008548800000,0x0000008548900000)]
  0x00000251c5694900 JavaThread "Stdin handler" [_thread_blocked, id=8260, stack(0x0000008548900000,0x0000008548a00000)]
  0x00000251c5694e10 JavaThread "Daemon client event forwarder" [_thread_blocked, id=10104, stack(0x0000008548a00000,0x0000008548b00000)]
  0x00000251c5693ee0 JavaThread "Cache worker for journal cache (C:\Users\DELL\.gradle\caches\journal-1)" [_thread_blocked, id=10656, stack(0x0000008548b00000,0x0000008548c00000)]
  0x00000251c5692fb0 JavaThread "File lock request listener" [_thread_in_native, id=8964, stack(0x0000008548c00000,0x0000008548d00000)]
  0x00000251c56943f0 JavaThread "Cache worker for file hash cache (C:\Users\DELL\.gradle\caches\8.3\fileHashes)" [_thread_blocked, id=10216, stack(0x0000008547d00000,0x0000008547e00000)]
  0x00000251c5695320 JavaThread "File watcher server" daemon [_thread_in_native, id=9180, stack(0x0000008548d00000,0x0000008548e00000)]
  0x00000251c5695830 JavaThread "File watcher consumer" daemon [_thread_blocked, id=6472, stack(0x0000008548e00000,0x0000008548f00000)]
  0x00000251c5692080 JavaThread "Cache worker for checksums cache (D:\Raghavendra_Chaubey\TAxi_App\Taxi_Driverapp\android\.gradle\8.3\checksums)" [_thread_blocked, id=5812, stack(0x0000008548f00000,0x0000008549000000)]
  0x00000251c56934c0 JavaThread "Cache worker for file hash cache (D:\Raghavendra_Chaubey\TAxi_App\Taxi_Driverapp\android\.gradle\8.3\fileHashes)" [_thread_blocked, id=6440, stack(0x0000008549000000,0x0000008549100000)]
  0x00000251c56939d0 JavaThread "Cache worker for cache directory md-supplier (C:\Users\DELL\.gradle\caches\8.3\md-supplier)" [_thread_blocked, id=3584, stack(0x0000008549100000,0x0000008549200000)]
  0x00000251a3c3d9d0 JavaThread "Cache worker for file content cache (C:\Users\DELL\.gradle\caches\8.3\fileContent)" [_thread_blocked, id=12900, stack(0x0000008549200000,0x0000008549300000)]
  0x00000251a3c3f320 JavaThread "Cache worker for cache directory md-rule (C:\Users\DELL\.gradle\caches\8.3\md-rule)" [_thread_blocked, id=10072, stack(0x0000008549500000,0x0000008549600000)]
  0x00000251a3c3ee10 JavaThread "Cache worker for execution history cache (C:\Users\DELL\.gradle\caches\8.3\executionHistory)" [_thread_blocked, id=1240, stack(0x0000008549600000,0x0000008549700000)]
  0x00000251a3c3e900 JavaThread "jar transforms" [_thread_blocked, id=7460, stack(0x0000008549800000,0x0000008549900000)]
  0x00000251a3c43f10 JavaThread "jar transforms Thread 2" [_thread_blocked, id=1928, stack(0x0000008549900000,0x0000008549a00000)]
  0x00000251a3c3cfb0 JavaThread "jar transforms Thread 3" [_thread_blocked, id=4400, stack(0x0000008549700000,0x0000008549800000)]
  0x00000251a3c40250 JavaThread "jar transforms Thread 4" [_thread_blocked, id=11832, stack(0x0000008549a00000,0x0000008549b00000)]
  0x00000251a3c3d4c0 JavaThread "Cache worker for kotlin-dsl (C:\Users\DELL\.gradle\caches\8.3\kotlin-dsl)" [_thread_blocked, id=7540, stack(0x0000008549c00000,0x0000008549d00000)]
  0x00000251a3c40760 JavaThread "Unconstrained build operations" [_thread_blocked, id=7036, stack(0x0000008549b00000,0x0000008549c00000)]
  0x00000251a3c42fe0 JavaThread "Unconstrained build operations Thread 2" [_thread_blocked, id=5360, stack(0x0000008549d00000,0x0000008549e00000)]
  0x00000251a3c434f0 JavaThread "Cache worker for dependencies-accessors (D:\Raghavendra_Chaubey\TAxi_App\Taxi_Driverapp\android\.gradle\8.3\dependencies-accessors)" [_thread_blocked, id=11864, stack(0x0000008549f00000,0x000000854a000000)]
  0x00000251a3c41690 JavaThread "Cache worker for Build Output Cleanup Cache (D:\Raghavendra_Chaubey\TAxi_App\Taxi_Driverapp\node_modules\@react-native\gradle-plugin\.gradle\buildOutputCleanup)" [_thread_blocked, id=11920, stack(0x000000854a000000,0x000000854a100000)]
  0x00000251a3c425c0 JavaThread "Unconstrained build operations Thread 3" [_thread_blocked, id=11644, stack(0x0000008549e00000,0x0000008549f00000)]
  0x00000251a3c41ba0 JavaThread "Unconstrained build operations Thread 4" [_thread_blocked, id=1824, stack(0x000000854a100000,0x000000854a200000)]
  0x00000251a3c43a00 JavaThread "Unconstrained build operations Thread 5" [_thread_blocked, id=12024, stack(0x000000854a200000,0x000000854a300000)]
  0x00000251a3c41180 JavaThread "Memory manager" [_thread_blocked, id=7108, stack(0x000000854a400000,0x000000854a500000)]
  0x00000251a3c42ad0 JavaThread "Cache worker for Build Output Cleanup Cache (D:\Raghavendra_Chaubey\TAxi_App\Taxi_Driverapp\android\.gradle\buildOutputCleanup)" [_thread_blocked, id=12972, stack(0x000000854a500000,0x000000854a600000)]
  0x00000251a3c3dee0 JavaThread "ForkJoinPool.commonPool-worker-1" daemon [_thread_blocked, id=12964, stack(0x000000854a800000,0x000000854a900000)]
  0x00000251a3c44930 JavaThread "ForkJoinPool.commonPool-worker-2" daemon [_thread_blocked, id=2212, stack(0x000000854a900000,0x000000854aa00000)]
  0x00000251a3c3e3f0 JavaThread "ForkJoinPool.commonPool-worker-3" daemon [_thread_blocked, id=13024, stack(0x000000854aa00000,0x000000854ab00000)]
  0x00000251c438bd90 JavaThread "Exec process" [_thread_blocked, id=9172, stack(0x000000854ab00000,0x000000854ac00000)]
  0x00000251c43871a0 JavaThread "Exec process Thread 2" [_thread_blocked, id=3932, stack(0x000000854ac00000,0x000000854ad00000)]
  0x00000251c438b370 JavaThread "Exec process Thread 3" [_thread_blocked, id=4032, stack(0x000000854ad00000,0x000000854ae00000)]
  0x00000251c438c7b0 JavaThread "included builds" [_thread_blocked, id=5004, stack(0x000000854ae00000,0x000000854af00000)]
  0x00000251c4386780 JavaThread "Execution worker" [_thread_blocked, id=13200, stack(0x000000854af00000,0x000000854b000000)]
  0x00000251c438ccc0 JavaThread "Execution worker Thread 2" [_thread_blocked, id=5608, stack(0x000000854b000000,0x000000854b100000)]
  0x00000251c4389a20 JavaThread "Execution worker Thread 3" [_thread_blocked, id=13256, stack(0x000000854b100000,0x000000854b200000)]
  0x00000251c4385d60 JavaThread "Cache worker for execution history cache (D:\Raghavendra_Chaubey\TAxi_App\Taxi_Driverapp\node_modules\@react-native\gradle-plugin\.gradle\8.3\executionHistory)" [_thread_blocked, id=5124, stack(0x000000854b200000,0x000000854b300000)]
  0x00000251c43880d0 JavaThread "Unconstrained build operations Thread 6" [_thread_blocked, id=9696, stack(0x000000854b300000,0x000000854b400000)]
  0x00000251c43885e0 JavaThread "Unconstrained build operations Thread 7" [_thread_blocked, id=13168, stack(0x000000854b400000,0x000000854b500000)]
  0x00000251c4387bc0 JavaThread "Unconstrained build operations Thread 8" [_thread_blocked, id=6972, stack(0x000000854b500000,0x000000854b600000)]
  0x00000251c4389510 JavaThread "Unconstrained build operations Thread 9" [_thread_blocked, id=10364, stack(0x000000854b600000,0x000000854b700000)]
  0x00000251c438d6e0 JavaThread "Unconstrained build operations Thread 10" [_thread_blocked, id=10368, stack(0x000000854b700000,0x000000854b800000)]
  0x00000251c4388af0 JavaThread "Unconstrained build operations Thread 11" [_thread_blocked, id=6600, stack(0x000000854b800000,0x000000854b900000)]
  0x00000251c4389f30 JavaThread "Unconstrained build operations Thread 12" [_thread_blocked, id=11144, stack(0x000000854b900000,0x000000854ba00000)]
  0x00000251c438b880 JavaThread "Unconstrained build operations Thread 13" [_thread_blocked, id=11716, stack(0x000000854ba00000,0x000000854bb00000)]
  0x00000251c5873070 JavaThread "C2 CompilerThread1" daemon [_thread_in_native, id=11608, stack(0x000000854a300000,0x000000854a400000)]
  0x00000251c438d1d0 JavaThread "Unconstrained build operations Thread 14" [_thread_blocked, id=13148, stack(0x000000854bb00000,0x000000854bc00000)]
  0x00000251c8cb81a0 JavaThread "Unconstrained build operations Thread 15" [_thread_blocked, id=9956, stack(0x000000854bc00000,0x000000854bd00000)]
  0x00000251c8cb6d60 JavaThread "Unconstrained build operations Thread 16" [_thread_blocked, id=13080, stack(0x000000854bd00000,0x000000854be00000)]

Other Threads:
  0x00000251a3bef370 VMThread "VM Thread" [stack: 0x0000008547000000,0x0000008547100000] [id=10952]
  0x00000251c317b320 WatcherThread [stack: 0x0000008547c00000,0x0000008547d00000] [id=13008]
  0x0000025184cfe630 GCTaskThread "GC Thread#0" [stack: 0x0000008546b00000,0x0000008546c00000] [id=1220]
  0x00000251c329b440 GCTaskThread "GC Thread#1" [stack: 0x0000008547e00000,0x0000008547f00000] [id=2172]
  0x00000251c33f99f0 GCTaskThread "GC Thread#2" [stack: 0x0000008547f00000,0x0000008548000000] [id=2376]
  0x00000251c349cf10 GCTaskThread "GC Thread#3" [stack: 0x0000008548000000,0x0000008548100000] [id=4908]
  0x0000025184d104a0 ConcurrentGCThread "G1 Main Marker" [stack: 0x0000008546c00000,0x0000008546d00000] [id=1940]
=>0x0000025184d10dd0 ConcurrentGCThread "G1 Conc#0" [stack: 0x0000008546d00000,0x0000008546e00000] [id=12768]
  0x0000025184d5d510 ConcurrentGCThread "G1 Refine#0" [stack: 0x0000008546e00000,0x0000008546f00000] [id=11300]
  0x00000251c4545eb0 ConcurrentGCThread "G1 Refine#1" [stack: 0x0000008549300000,0x0000008549400000] [id=12828]
  0x00000251c5977f10 ConcurrentGCThread "G1 Refine#2" [stack: 0x0000008549400000,0x0000008549500000] [id=11588]
  0x0000025184d5de50 ConcurrentGCThread "G1 Service" [stack: 0x0000008546f00000,0x0000008547000000] [id=8476]

Threads with active compile tasks:
C2 CompilerThread1    54725 10855       4       org.objectweb.asm.ClassReader::readCode (5117 bytes)

VM state: not at safepoint (normal execution)

VM Mutex/Monitor currently owned by a thread: None

Heap address: 0x0000000080000000, size: 2048 MB, Compressed Oops mode: 32-bit

CDS archive(s) mapped at: [0x00000251a4000000-0x00000251a4bc0000-0x00000251a4bc0000), size 12320768, SharedBaseAddress: 0x00000251a4000000, ArchiveRelocationMode: 1.
Compressed class space mapped at: 0x00000251a5000000-0x00000251bf000000, reserved size: 436207616
Narrow klass base: 0x00000251a4000000, Narrow klass shift: 0, Narrow klass range: 0x100000000

GC Precious Log:
 CPUs: 4 total, 4 available
 Memory: 8073M
 Large Page Support: Disabled
 NUMA Support: Disabled
 Compressed Oops: Enabled (32-bit)
 Heap Region Size: 1M
 Heap Min Capacity: 8M
 Heap Initial Capacity: 128M
 Heap Max Capacity: 2G
 Pre-touch: Disabled
 Parallel Workers: 4
 Concurrent Workers: 1
 Concurrent Refinement Workers: 4
 Periodic GC: Disabled

Heap:
 garbage-first heap   total 202752K, used 118368K [0x0000000080000000, 0x0000000100000000)
  region size 1024K, 16 young (16384K), 6 survivors (6144K)
 Metaspace       used 89722K, committed 90624K, reserved 557056K
  class space    used 12616K, committed 13056K, reserved 425984K

Heap Regions: E=young(eden), S=young(survivor), O=old, HS=humongous(starts), HC=humongous(continues), CS=collection set, F=free, OA=open archive, CA=closed archive, TAMS=top-at-mark-start (previous, next)
|   0|0x0000000080000000, 0x0000000080100000, 0x0000000080100000|100%| O|  |TAMS 0x0000000080100000, 0x0000000080000000| Untracked 
|   1|0x0000000080100000, 0x0000000080200000, 0x0000000080200000|100%| O|  |TAMS 0x0000000080200000, 0x0000000080100000| Untracked 
|   2|0x0000000080200000, 0x0000000080300000, 0x0000000080300000|100%|HS|  |TAMS 0x0000000080300000, 0x0000000080200000| Complete 
|   3|0x0000000080300000, 0x0000000080400000, 0x0000000080400000|100%|HC|  |TAMS 0x0000000080400000, 0x0000000080300000| Complete 
|   4|0x0000000080400000, 0x0000000080500000, 0x0000000080500000|100%|HC|  |TAMS 0x0000000080500000, 0x0000000080400000| Complete 
|   5|0x0000000080500000, 0x0000000080600000, 0x0000000080600000|100%|HC|  |TAMS 0x0000000080600000, 0x0000000080500000| Complete 
|   6|0x0000000080600000, 0x0000000080700000, 0x0000000080700000|100%| O|  |TAMS 0x0000000080700000, 0x0000000080600000| Updating 
|   7|0x0000000080700000, 0x0000000080800000, 0x0000000080800000|100%| O|  |TAMS 0x0000000080800000, 0x0000000080700000| Untracked 
|   8|0x0000000080800000, 0x0000000080900000, 0x0000000080900000|100%| O|  |TAMS 0x0000000080900000, 0x0000000080800000| Untracked 
|   9|0x0000000080900000, 0x0000000080a00000, 0x0000000080a00000|100%| O|  |TAMS 0x0000000080a00000, 0x0000000080900000| Untracked 
|  10|0x0000000080a00000, 0x0000000080b00000, 0x0000000080b00000|100%| O|  |TAMS 0x0000000080b00000, 0x0000000080a00000| Untracked 
|  11|0x0000000080b00000, 0x0000000080c00000, 0x0000000080c00000|100%| O|  |TAMS 0x0000000080c00000, 0x0000000080b00000| Untracked 
|  12|0x0000000080c00000, 0x0000000080d00000, 0x0000000080d00000|100%| O|  |TAMS 0x0000000080d00000, 0x0000000080c00000| Untracked 
|  13|0x0000000080d00000, 0x0000000080e00000, 0x0000000080e00000|100%| O|  |TAMS 0x0000000080e00000, 0x0000000080d00000| Untracked 
|  14|0x0000000080e00000, 0x0000000080f00000, 0x0000000080f00000|100%| O|  |TAMS 0x0000000080f00000, 0x0000000080e00000| Untracked 
|  15|0x0000000080f00000, 0x0000000081000000, 0x0000000081000000|100%| O|  |TAMS 0x0000000081000000, 0x0000000080f00000| Untracked 
|  16|0x0000000081000000, 0x0000000081100000, 0x0000000081100000|100%| O|  |TAMS 0x0000000081100000, 0x0000000081000000| Untracked 
|  17|0x0000000081100000, 0x0000000081200000, 0x0000000081200000|100%| O|  |TAMS 0x0000000081200000, 0x0000000081100000| Untracked 
|  18|0x0000000081200000, 0x0000000081300000, 0x0000000081300000|100%| O|  |TAMS 0x0000000081300000, 0x0000000081200000| Untracked 
|  19|0x0000000081300000, 0x0000000081400000, 0x0000000081400000|100%| O|  |TAMS 0x0000000081400000, 0x0000000081300000| Untracked 
|  20|0x0000000081400000, 0x0000000081416a00, 0x0000000081500000|  8%| O|  |TAMS 0x0000000081416a00, 0x0000000081400000| Updating 
|  21|0x0000000081500000, 0x0000000081600000, 0x0000000081600000|100%| O|  |TAMS 0x0000000081600000, 0x0000000081500000| Untracked 
|  22|0x0000000081600000, 0x0000000081700000, 0x0000000081700000|100%| O|  |TAMS 0x0000000081700000, 0x0000000081600000| Untracked 
|  23|0x0000000081700000, 0x0000000081800000, 0x0000000081800000|100%| O|  |TAMS 0x0000000081800000, 0x0000000081700000| Updating 
|  24|0x0000000081800000, 0x0000000081900000, 0x0000000081900000|100%| O|  |TAMS 0x0000000081900000, 0x0000000081800000| Untracked 
|  25|0x0000000081900000, 0x0000000081a00000, 0x0000000081a00000|100%| O|  |TAMS 0x0000000081a00000, 0x0000000081900000| Untracked 
|  26|0x0000000081a00000, 0x0000000081b00000, 0x0000000081b00000|100%| O|  |TAMS 0x0000000081b00000, 0x0000000081a00000| Untracked 
|  27|0x0000000081b00000, 0x0000000081c00000, 0x0000000081c00000|100%| O|  |TAMS 0x0000000081c00000, 0x0000000081b00000| Updating 
|  28|0x0000000081c00000, 0x0000000081d00000, 0x0000000081d00000|100%| O|  |TAMS 0x0000000081d00000, 0x0000000081c00000| Untracked 
|  29|0x0000000081d00000, 0x0000000081e00000, 0x0000000081e00000|100%|HS|  |TAMS 0x0000000081e00000, 0x0000000081d00000| Complete 
|  30|0x0000000081e00000, 0x0000000081f00000, 0x0000000081f00000|100%|HC|  |TAMS 0x0000000081f00000, 0x0000000081e00000| Complete 
|  31|0x0000000081f00000, 0x0000000082000000, 0x0000000082000000|100%|HS|  |TAMS 0x0000000082000000, 0x0000000081f00000| Complete 
|  32|0x0000000082000000, 0x0000000082100000, 0x0000000082100000|100%|HC|  |TAMS 0x0000000082100000, 0x0000000082000000| Complete 
|  33|0x0000000082100000, 0x0000000082200000, 0x0000000082200000|100%| O|  |TAMS 0x0000000082200000, 0x0000000082100000| Untracked 
|  34|0x0000000082200000, 0x0000000082300000, 0x0000000082300000|100%| O|  |TAMS 0x0000000082300000, 0x0000000082200000| Untracked 
|  35|0x0000000082300000, 0x0000000082400000, 0x0000000082400000|100%| O|  |TAMS 0x0000000082400000, 0x0000000082300000| Untracked 
|  36|0x0000000082400000, 0x0000000082500000, 0x0000000082500000|100%| O|  |TAMS 0x0000000082500000, 0x0000000082400000| Untracked 
|  37|0x0000000082500000, 0x0000000082600000, 0x0000000082600000|100%| O|  |TAMS 0x0000000082600000, 0x0000000082500000| Untracked 
|  38|0x0000000082600000, 0x0000000082700000, 0x0000000082700000|100%| O|  |TAMS 0x0000000082700000, 0x0000000082600000| Updating 
|  39|0x0000000082700000, 0x0000000082800000, 0x0000000082800000|100%| O|  |TAMS 0x0000000082800000, 0x0000000082700000| Untracked 
|  40|0x0000000082800000, 0x0000000082900000, 0x0000000082900000|100%| O|  |TAMS 0x0000000082900000, 0x0000000082800000| Untracked 
|  41|0x0000000082900000, 0x0000000082a00000, 0x0000000082a00000|100%|HS|  |TAMS 0x0000000082a00000, 0x0000000082900000| Complete 
|  42|0x0000000082a00000, 0x0000000082b00000, 0x0000000082b00000|100%|HC|  |TAMS 0x0000000082b00000, 0x0000000082a00000| Complete 
|  43|0x0000000082b00000, 0x0000000082c00000, 0x0000000082c00000|100%|HC|  |TAMS 0x0000000082c00000, 0x0000000082b00000| Complete 
|  44|0x0000000082c00000, 0x0000000082d00000, 0x0000000082d00000|100%|HC|  |TAMS 0x0000000082d00000, 0x0000000082c00000| Complete 
|  45|0x0000000082d00000, 0x0000000082e00000, 0x0000000082e00000|100%| O|  |TAMS 0x0000000082e00000, 0x0000000082d00000| Untracked 
|  46|0x0000000082e00000, 0x0000000082f00000, 0x0000000082f00000|100%| O|  |TAMS 0x0000000082f00000, 0x0000000082e00000| Untracked 
|  47|0x0000000082f00000, 0x0000000083000000, 0x0000000083000000|100%| O|  |TAMS 0x0000000083000000, 0x0000000082f00000| Untracked 
|  48|0x0000000083000000, 0x0000000083100000, 0x0000000083100000|100%| O|  |TAMS 0x0000000083100000, 0x0000000083000000| Updating 
|  49|0x0000000083100000, 0x0000000083200000, 0x0000000083200000|100%| O|  |TAMS 0x0000000083200000, 0x0000000083100000| Untracked 
|  50|0x0000000083200000, 0x0000000083300000, 0x0000000083300000|100%| O|  |TAMS 0x0000000083300000, 0x0000000083200000| Untracked 
|  51|0x0000000083300000, 0x0000000083400000, 0x0000000083400000|100%| O|  |TAMS 0x0000000083400000, 0x0000000083300000| Updating 
|  52|0x0000000083400000, 0x0000000083500000, 0x0000000083500000|100%|HS|  |TAMS 0x0000000083500000, 0x0000000083400000| Complete 
|  53|0x0000000083500000, 0x0000000083600000, 0x0000000083600000|100%|HC|  |TAMS 0x0000000083600000, 0x0000000083500000| Complete 
|  54|0x0000000083600000, 0x0000000083700000, 0x0000000083700000|100%|HC|  |TAMS 0x0000000083700000, 0x0000000083600000| Complete 
|  55|0x0000000083700000, 0x0000000083800000, 0x0000000083800000|100%|HC|  |TAMS 0x0000000083800000, 0x0000000083700000| Complete 
|  56|0x0000000083800000, 0x0000000083900000, 0x0000000083900000|100%| O|  |TAMS 0x0000000083900000, 0x0000000083800000| Untracked 
|  57|0x0000000083900000, 0x0000000083a00000, 0x0000000083a00000|100%| O|  |TAMS 0x0000000083a00000, 0x0000000083900000| Untracked 
|  58|0x0000000083a00000, 0x0000000083b00000, 0x0000000083b00000|100%| O|  |TAMS 0x0000000083b00000, 0x0000000083a00000| Untracked 
|  59|0x0000000083b00000, 0x0000000083c00000, 0x0000000083c00000|100%| O|  |TAMS 0x0000000083c00000, 0x0000000083b00000| Untracked 
|  60|0x0000000083c00000, 0x0000000083d00000, 0x0000000083d00000|100%| O|  |TAMS 0x0000000083d00000, 0x0000000083c00000| Untracked 
|  61|0x0000000083d00000, 0x0000000083e00000, 0x0000000083e00000|100%| O|  |TAMS 0x0000000083e00000, 0x0000000083d00000| Untracked 
|  62|0x0000000083e00000, 0x0000000083f00000, 0x0000000083f00000|100%| O|  |TAMS 0x0000000083f00000, 0x0000000083e00000| Untracked 
|  63|0x0000000083f00000, 0x0000000084000000, 0x0000000084000000|100%| O|  |TAMS 0x0000000084000000, 0x0000000083f00000| Untracked 
|  64|0x0000000084000000, 0x0000000084100000, 0x0000000084100000|100%| O|  |TAMS 0x0000000084100000, 0x0000000084000000| Untracked 
|  65|0x0000000084100000, 0x0000000084200000, 0x0000000084200000|100%| O|  |TAMS 0x0000000084200000, 0x0000000084100000| Untracked 
|  66|0x0000000084200000, 0x0000000084300000, 0x0000000084300000|100%| O|  |TAMS 0x0000000084300000, 0x0000000084200000| Updating 
|  67|0x0000000084300000, 0x0000000084400000, 0x0000000084400000|100%| O|  |TAMS 0x0000000084400000, 0x0000000084300000| Untracked 
|  68|0x0000000084400000, 0x0000000084500000, 0x0000000084500000|100%|HS|  |TAMS 0x0000000084500000, 0x0000000084400000| Complete 
|  69|0x0000000084500000, 0x0000000084600000, 0x0000000084600000|100%|HS|  |TAMS 0x0000000084600000, 0x0000000084500000| Complete 
|  70|0x0000000084600000, 0x0000000084700000, 0x0000000084700000|100%|HS|  |TAMS 0x0000000084700000, 0x0000000084600000| Complete 
|  71|0x0000000084700000, 0x0000000084800000, 0x0000000084800000|100%| O|  |TAMS 0x0000000084800000, 0x0000000084700000| Untracked 
|  72|0x0000000084800000, 0x0000000084900000, 0x0000000084900000|100%|HS|  |TAMS 0x0000000084900000, 0x0000000084800000| Complete 
|  73|0x0000000084900000, 0x0000000084a00000, 0x0000000084a00000|100%| O|  |TAMS 0x0000000084a00000, 0x0000000084900000| Untracked 
|  74|0x0000000084a00000, 0x0000000084b00000, 0x0000000084b00000|100%| O|  |TAMS 0x0000000084b00000, 0x0000000084a00000| Untracked 
|  75|0x0000000084b00000, 0x0000000084c00000, 0x0000000084c00000|100%| O|  |TAMS 0x0000000084c00000, 0x0000000084b00000| Untracked 
|  76|0x0000000084c00000, 0x0000000084d00000, 0x0000000084d00000|100%| O|  |TAMS 0x0000000084d00000, 0x0000000084c00000| Untracked 
|  77|0x0000000084d00000, 0x0000000084e00000, 0x0000000084e00000|100%| O|  |TAMS 0x0000000084e00000, 0x0000000084d00000| Untracked 
|  78|0x0000000084e00000, 0x0000000084f00000, 0x0000000084f00000|100%| O|  |TAMS 0x0000000084f00000, 0x0000000084e00000| Updating 
|  79|0x0000000084f00000, 0x0000000085000000, 0x0000000085000000|100%| O|  |TAMS 0x0000000085000000, 0x0000000084f00000| Untracked 
|  80|0x0000000085000000, 0x0000000085100000, 0x0000000085100000|100%| O|  |TAMS 0x0000000085100000, 0x0000000085000000| Untracked 
|  81|0x0000000085100000, 0x0000000085200000, 0x0000000085200000|100%| O|  |TAMS 0x0000000085200000, 0x0000000085100000| Untracked 
|  82|0x0000000085200000, 0x0000000085300000, 0x0000000085300000|100%| O|  |TAMS 0x0000000085300000, 0x0000000085200000| Untracked 
|  83|0x0000000085300000, 0x0000000085400000, 0x0000000085400000|100%| O|  |TAMS 0x0000000085400000, 0x0000000085300000| Untracked 
|  84|0x0000000085400000, 0x0000000085500000, 0x0000000085500000|100%| O|  |TAMS 0x0000000085500000, 0x0000000085400000| Untracked 
|  85|0x0000000085500000, 0x0000000085600000, 0x0000000085600000|100%| O|  |TAMS 0x0000000085600000, 0x0000000085500000| Untracked 
|  86|0x0000000085600000, 0x0000000085700000, 0x0000000085700000|100%| O|  |TAMS 0x0000000085700000, 0x0000000085600000| Untracked 
|  87|0x0000000085700000, 0x0000000085800000, 0x0000000085800000|100%| O|  |TAMS 0x0000000085800000, 0x0000000085700000| Untracked 
|  88|0x0000000085800000, 0x0000000085900000, 0x0000000085900000|100%| O|  |TAMS 0x0000000085900000, 0x0000000085800000| Updating 
|  89|0x0000000085900000, 0x0000000085a00000, 0x0000000085a00000|100%| O|  |TAMS 0x0000000085a00000, 0x0000000085900000| Untracked 
|  90|0x0000000085a00000, 0x0000000085b00000, 0x0000000085b00000|100%| O|  |TAMS 0x0000000085b00000, 0x0000000085a00000| Untracked 
|  91|0x0000000085b00000, 0x0000000085c00000, 0x0000000085c00000|100%| O|  |TAMS 0x0000000085c00000, 0x0000000085b00000| Untracked 
|  92|0x0000000085c00000, 0x0000000085d00000, 0x0000000085d00000|100%| O|  |TAMS 0x0000000085c24e00, 0x0000000085c00000| Untracked 
|  93|0x0000000085d00000, 0x0000000085e00000, 0x0000000085e00000|100%| O|  |TAMS 0x0000000085d00000, 0x0000000085d00000| Untracked 
|  94|0x0000000085e00000, 0x0000000085f00000, 0x0000000085f00000|100%| O|  |TAMS 0x0000000085e00000, 0x0000000085e00000| Untracked 
|  95|0x0000000085f00000, 0x0000000086000000, 0x0000000086000000|100%| O|  |TAMS 0x0000000085f00000, 0x0000000085f00000| Untracked 
|  96|0x0000000086000000, 0x0000000086100000, 0x0000000086100000|100%| O|  |TAMS 0x0000000086000000, 0x0000000086000000| Untracked 
|  97|0x0000000086100000, 0x0000000086200000, 0x0000000086200000|100%| O|  |TAMS 0x0000000086100000, 0x0000000086100000| Untracked 
|  98|0x0000000086200000, 0x0000000086300000, 0x0000000086300000|100%| O|  |TAMS 0x0000000086200000, 0x0000000086200000| Untracked 
|  99|0x0000000086300000, 0x0000000086400000, 0x0000000086400000|100%| O|  |TAMS 0x0000000086300000, 0x0000000086300000| Untracked 
| 100|0x0000000086400000, 0x0000000086426c00, 0x0000000086500000| 15%| O|  |TAMS 0x0000000086400000, 0x0000000086400000| Updating 
| 101|0x0000000086500000, 0x0000000086600000, 0x0000000086600000|100%|HS|  |TAMS 0x0000000086500000, 0x0000000086500000| Complete 
| 102|0x0000000086600000, 0x0000000086700000, 0x0000000086700000|100%|HC|  |TAMS 0x0000000086600000, 0x0000000086600000| Complete 
| 103|0x0000000086700000, 0x0000000086700000, 0x0000000086800000|  0%| F|  |TAMS 0x0000000086700000, 0x0000000086700000| Untracked 
| 104|0x0000000086800000, 0x0000000086800000, 0x0000000086900000|  0%| F|  |TAMS 0x0000000086800000, 0x0000000086800000| Untracked 
| 105|0x0000000086900000, 0x0000000086900000, 0x0000000086a00000|  0%| F|  |TAMS 0x0000000086900000, 0x0000000086900000| Untracked 
| 106|0x0000000086a00000, 0x0000000086a00000, 0x0000000086b00000|  0%| F|  |TAMS 0x0000000086a00000, 0x0000000086a00000| Untracked 
| 107|0x0000000086b00000, 0x0000000086b00000, 0x0000000086c00000|  0%| F|  |TAMS 0x0000000086b00000, 0x0000000086b00000| Untracked 
| 108|0x0000000086c00000, 0x0000000086c00000, 0x0000000086d00000|  0%| F|  |TAMS 0x0000000086c00000, 0x0000000086c00000| Untracked 
| 109|0x0000000086d00000, 0x0000000086d00000, 0x0000000086e00000|  0%| F|  |TAMS 0x0000000086d00000, 0x0000000086d00000| Untracked 
| 110|0x0000000086e00000, 0x0000000086e00000, 0x0000000086f00000|  0%| F|  |TAMS 0x0000000086e00000, 0x0000000086e00000| Untracked 
| 111|0x0000000086f00000, 0x0000000086f00000, 0x0000000087000000|  0%| F|  |TAMS 0x0000000086f00000, 0x0000000086f00000| Untracked 
| 112|0x0000000087000000, 0x0000000087000000, 0x0000000087100000|  0%| F|  |TAMS 0x0000000087000000, 0x0000000087000000| Untracked 
| 113|0x0000000087100000, 0x0000000087100000, 0x0000000087200000|  0%| F|  |TAMS 0x0000000087100000, 0x0000000087100000| Untracked 
| 114|0x0000000087200000, 0x0000000087200000, 0x0000000087300000|  0%| F|  |TAMS 0x0000000087200000, 0x0000000087200000| Untracked 
| 115|0x0000000087300000, 0x0000000087300000, 0x0000000087400000|  0%| F|  |TAMS 0x0000000087300000, 0x0000000087300000| Untracked 
| 116|0x0000000087400000, 0x0000000087400000, 0x0000000087500000|  0%| F|  |TAMS 0x0000000087400000, 0x0000000087400000| Untracked 
| 117|0x0000000087500000, 0x0000000087500000, 0x0000000087600000|  0%| F|  |TAMS 0x0000000087500000, 0x0000000087500000| Untracked 
| 118|0x0000000087600000, 0x0000000087600000, 0x0000000087700000|  0%| F|  |TAMS 0x0000000087600000, 0x0000000087600000| Untracked 
| 119|0x0000000087700000, 0x0000000087700000, 0x0000000087800000|  0%| F|  |TAMS 0x0000000087700000, 0x0000000087700000| Untracked 
| 120|0x0000000087800000, 0x0000000087800000, 0x0000000087900000|  0%| F|  |TAMS 0x0000000087800000, 0x0000000087800000| Untracked 
| 121|0x0000000087900000, 0x0000000087900000, 0x0000000087a00000|  0%| F|  |TAMS 0x0000000087900000, 0x0000000087900000| Untracked 
| 122|0x0000000087a00000, 0x0000000087a00000, 0x0000000087b00000|  0%| F|  |TAMS 0x0000000087a00000, 0x0000000087a00000| Untracked 
| 123|0x0000000087b00000, 0x0000000087b00000, 0x0000000087c00000|  0%| F|  |TAMS 0x0000000087b00000, 0x0000000087b00000| Untracked 
| 124|0x0000000087c00000, 0x0000000087c00000, 0x0000000087d00000|  0%| F|  |TAMS 0x0000000087c00000, 0x0000000087c00000| Untracked 
| 125|0x0000000087d00000, 0x0000000087d00000, 0x0000000087e00000|  0%| F|  |TAMS 0x0000000087d00000, 0x0000000087d00000| Untracked 
| 126|0x0000000087e00000, 0x0000000087e00000, 0x0000000087f00000|  0%| F|  |TAMS 0x0000000087e00000, 0x0000000087e00000| Untracked 
| 127|0x0000000087f00000, 0x0000000087f00000, 0x0000000088000000|  0%| F|  |TAMS 0x0000000087f00000, 0x0000000087f00000| Untracked 
| 128|0x0000000088000000, 0x0000000088000000, 0x0000000088100000|  0%| F|  |TAMS 0x0000000088000000, 0x0000000088000000| Untracked 
| 129|0x0000000088100000, 0x0000000088100000, 0x0000000088200000|  0%| F|  |TAMS 0x0000000088100000, 0x0000000088100000| Untracked 
| 130|0x0000000088200000, 0x0000000088200000, 0x0000000088300000|  0%| F|  |TAMS 0x0000000088200000, 0x0000000088200000| Untracked 
| 131|0x0000000088300000, 0x0000000088300000, 0x0000000088400000|  0%| F|  |TAMS 0x0000000088300000, 0x0000000088300000| Untracked 
| 132|0x0000000088400000, 0x0000000088400000, 0x0000000088500000|  0%| F|  |TAMS 0x0000000088400000, 0x0000000088400000| Untracked 
| 133|0x0000000088500000, 0x0000000088500000, 0x0000000088600000|  0%| F|  |TAMS 0x0000000088500000, 0x0000000088500000| Untracked 
| 134|0x0000000088600000, 0x0000000088600000, 0x0000000088700000|  0%| F|  |TAMS 0x0000000088600000, 0x0000000088600000| Untracked 
| 135|0x0000000088700000, 0x0000000088700000, 0x0000000088800000|  0%| F|  |TAMS 0x0000000088700000, 0x0000000088700000| Untracked 
| 136|0x0000000088800000, 0x0000000088800000, 0x0000000088900000|  0%| F|  |TAMS 0x0000000088800000, 0x0000000088800000| Untracked 
| 137|0x0000000088900000, 0x0000000088900000, 0x0000000088a00000|  0%| F|  |TAMS 0x0000000088900000, 0x0000000088900000| Untracked 
| 138|0x0000000088a00000, 0x0000000088a00000, 0x0000000088b00000|  0%| F|  |TAMS 0x0000000088a00000, 0x0000000088a00000| Untracked 
| 139|0x0000000088b00000, 0x0000000088b00000, 0x0000000088c00000|  0%| F|  |TAMS 0x0000000088b00000, 0x0000000088b00000| Untracked 
| 140|0x0000000088c00000, 0x0000000088c00000, 0x0000000088d00000|  0%| F|  |TAMS 0x0000000088c00000, 0x0000000088c00000| Untracked 
| 141|0x0000000088d00000, 0x0000000088d00000, 0x0000000088e00000|  0%| F|  |TAMS 0x0000000088d00000, 0x0000000088d00000| Untracked 
| 142|0x0000000088e00000, 0x0000000088e00000, 0x0000000088f00000|  0%| F|  |TAMS 0x0000000088e00000, 0x0000000088e00000| Untracked 
| 143|0x0000000088f00000, 0x0000000088f00000, 0x0000000089000000|  0%| F|  |TAMS 0x0000000088f00000, 0x0000000088f00000| Untracked 
| 144|0x0000000089000000, 0x0000000089000000, 0x0000000089100000|  0%| F|  |TAMS 0x0000000089000000, 0x0000000089000000| Untracked 
| 145|0x0000000089100000, 0x0000000089100000, 0x0000000089200000|  0%| F|  |TAMS 0x0000000089100000, 0x0000000089100000| Untracked 
| 146|0x0000000089200000, 0x0000000089200000, 0x0000000089300000|  0%| F|  |TAMS 0x0000000089200000, 0x0000000089200000| Untracked 
| 147|0x0000000089300000, 0x0000000089300000, 0x0000000089400000|  0%| F|  |TAMS 0x0000000089300000, 0x0000000089300000| Untracked 
| 148|0x0000000089400000, 0x0000000089400000, 0x0000000089500000|  0%| F|  |TAMS 0x0000000089400000, 0x0000000089400000| Untracked 
| 149|0x0000000089500000, 0x0000000089500000, 0x0000000089600000|  0%| F|  |TAMS 0x0000000089500000, 0x0000000089500000| Untracked 
| 150|0x0000000089600000, 0x0000000089600000, 0x0000000089700000|  0%| F|  |TAMS 0x0000000089600000, 0x0000000089600000| Untracked 
| 151|0x0000000089700000, 0x0000000089700000, 0x0000000089800000|  0%| F|  |TAMS 0x0000000089700000, 0x0000000089700000| Untracked 
| 152|0x0000000089800000, 0x0000000089800000, 0x0000000089900000|  0%| F|  |TAMS 0x0000000089800000, 0x0000000089800000| Untracked 
| 153|0x0000000089900000, 0x0000000089900000, 0x0000000089a00000|  0%| F|  |TAMS 0x0000000089900000, 0x0000000089900000| Untracked 
| 154|0x0000000089a00000, 0x0000000089a00000, 0x0000000089b00000|  0%| F|  |TAMS 0x0000000089a00000, 0x0000000089a00000| Untracked 
| 155|0x0000000089b00000, 0x0000000089b00000, 0x0000000089c00000|  0%| F|  |TAMS 0x0000000089b00000, 0x0000000089b00000| Untracked 
| 156|0x0000000089c00000, 0x0000000089c00000, 0x0000000089d00000|  0%| F|  |TAMS 0x0000000089c00000, 0x0000000089c00000| Untracked 
| 157|0x0000000089d00000, 0x0000000089d00000, 0x0000000089e00000|  0%| F|  |TAMS 0x0000000089d00000, 0x0000000089d00000| Untracked 
| 158|0x0000000089e00000, 0x0000000089e00000, 0x0000000089f00000|  0%| F|  |TAMS 0x0000000089e00000, 0x0000000089e00000| Untracked 
| 159|0x0000000089f00000, 0x0000000089f00000, 0x000000008a000000|  0%| F|  |TAMS 0x0000000089f00000, 0x0000000089f00000| Untracked 
| 160|0x000000008a000000, 0x000000008a000000, 0x000000008a100000|  0%| F|  |TAMS 0x000000008a000000, 0x000000008a000000| Untracked 
| 161|0x000000008a100000, 0x000000008a100000, 0x000000008a200000|  0%| F|  |TAMS 0x000000008a100000, 0x000000008a100000| Untracked 
| 162|0x000000008a200000, 0x000000008a200000, 0x000000008a300000|  0%| F|  |TAMS 0x000000008a200000, 0x000000008a200000| Untracked 
| 163|0x000000008a300000, 0x000000008a300000, 0x000000008a400000|  0%| F|  |TAMS 0x000000008a300000, 0x000000008a300000| Untracked 
| 164|0x000000008a400000, 0x000000008a400000, 0x000000008a500000|  0%| F|  |TAMS 0x000000008a400000, 0x000000008a400000| Untracked 
| 165|0x000000008a500000, 0x000000008a55aaa8, 0x000000008a600000| 35%| S|CS|TAMS 0x000000008a500000, 0x000000008a500000| Complete 
| 166|0x000000008a600000, 0x000000008a700000, 0x000000008a700000|100%| S|CS|TAMS 0x000000008a600000, 0x000000008a600000| Complete 
| 167|0x000000008a700000, 0x000000008a800000, 0x000000008a800000|100%| S|CS|TAMS 0x000000008a700000, 0x000000008a700000| Complete 
| 168|0x000000008a800000, 0x000000008a900000, 0x000000008a900000|100%| S|CS|TAMS 0x000000008a800000, 0x000000008a800000| Complete 
| 169|0x000000008a900000, 0x000000008aa00000, 0x000000008aa00000|100%| S|CS|TAMS 0x000000008a900000, 0x000000008a900000| Complete 
| 170|0x000000008aa00000, 0x000000008ab00000, 0x000000008ab00000|100%| S|CS|TAMS 0x000000008aa00000, 0x000000008aa00000| Complete 
| 171|0x000000008ab00000, 0x000000008ab00000, 0x000000008ac00000|  0%| F|  |TAMS 0x000000008ab00000, 0x000000008ab00000| Untracked 
| 172|0x000000008ac00000, 0x000000008ac00000, 0x000000008ad00000|  0%| F|  |TAMS 0x000000008ac00000, 0x000000008ac00000| Untracked 
| 173|0x000000008ad00000, 0x000000008ad00000, 0x000000008ae00000|  0%| F|  |TAMS 0x000000008ad00000, 0x000000008ad00000| Untracked 
| 174|0x000000008ae00000, 0x000000008ae00000, 0x000000008af00000|  0%| F|  |TAMS 0x000000008ae00000, 0x000000008ae00000| Untracked 
| 175|0x000000008af00000, 0x000000008af00000, 0x000000008b000000|  0%| F|  |TAMS 0x000000008af00000, 0x000000008af00000| Untracked 
| 176|0x000000008b000000, 0x000000008b000000, 0x000000008b100000|  0%| F|  |TAMS 0x000000008b000000, 0x000000008b000000| Untracked 
| 177|0x000000008b100000, 0x000000008b100000, 0x000000008b200000|  0%| F|  |TAMS 0x000000008b100000, 0x000000008b100000| Untracked 
| 178|0x000000008b200000, 0x000000008b200000, 0x000000008b300000|  0%| F|  |TAMS 0x000000008b200000, 0x000000008b200000| Untracked 
| 179|0x000000008b300000, 0x000000008b300000, 0x000000008b400000|  0%| F|  |TAMS 0x000000008b300000, 0x000000008b300000| Untracked 
| 180|0x000000008b400000, 0x000000008b400000, 0x000000008b500000|  0%| F|  |TAMS 0x000000008b400000, 0x000000008b400000| Untracked 
| 181|0x000000008b500000, 0x000000008b500000, 0x000000008b600000|  0%| F|  |TAMS 0x000000008b500000, 0x000000008b500000| Untracked 
| 182|0x000000008b600000, 0x000000008b600000, 0x000000008b700000|  0%| F|  |TAMS 0x000000008b600000, 0x000000008b600000| Untracked 
| 183|0x000000008b700000, 0x000000008b700000, 0x000000008b800000|  0%| F|  |TAMS 0x000000008b700000, 0x000000008b700000| Untracked 
| 184|0x000000008b800000, 0x000000008b800000, 0x000000008b900000|  0%| F|  |TAMS 0x000000008b800000, 0x000000008b800000| Untracked 
| 185|0x000000008b900000, 0x000000008b900000, 0x000000008ba00000|  0%| F|  |TAMS 0x000000008b900000, 0x000000008b900000| Untracked 
| 186|0x000000008ba00000, 0x000000008ba00000, 0x000000008bb00000|  0%| F|  |TAMS 0x000000008ba00000, 0x000000008ba00000| Untracked 
| 187|0x000000008bb00000, 0x000000008bb00000, 0x000000008bc00000|  0%| F|  |TAMS 0x000000008bb00000, 0x000000008bb00000| Untracked 
| 188|0x000000008bc00000, 0x000000008bd00000, 0x000000008bd00000|100%| E|  |TAMS 0x000000008bc00000, 0x000000008bc00000| Complete 
| 189|0x000000008bd00000, 0x000000008be00000, 0x000000008be00000|100%| E|CS|TAMS 0x000000008bd00000, 0x000000008bd00000| Complete 
| 190|0x000000008be00000, 0x000000008bf00000, 0x000000008bf00000|100%| E|CS|TAMS 0x000000008be00000, 0x000000008be00000| Complete 
| 191|0x000000008bf00000, 0x000000008c000000, 0x000000008c000000|100%| E|CS|TAMS 0x000000008bf00000, 0x000000008bf00000| Complete 
| 192|0x000000008c000000, 0x000000008c100000, 0x000000008c100000|100%| E|CS|TAMS 0x000000008c000000, 0x000000008c000000| Complete 
| 193|0x000000008c100000, 0x000000008c200000, 0x000000008c200000|100%| E|CS|TAMS 0x000000008c100000, 0x000000008c100000| Complete 
| 194|0x000000008c200000, 0x000000008c300000, 0x000000008c300000|100%| E|CS|TAMS 0x000000008c200000, 0x000000008c200000| Complete 
| 195|0x000000008c300000, 0x000000008c400000, 0x000000008c400000|100%| E|CS|TAMS 0x000000008c300000, 0x000000008c300000| Complete 
| 196|0x000000008c400000, 0x000000008c500000, 0x000000008c500000|100%| E|CS|TAMS 0x000000008c400000, 0x000000008c400000| Complete 
| 197|0x000000008c500000, 0x000000008c600000, 0x000000008c600000|100%| E|CS|TAMS 0x000000008c500000, 0x000000008c500000| Complete 

Card table byte_map: [0x000002519cf40000,0x000002519d340000] _byte_map_base: 0x000002519cb40000

Marking Bits (Prev, Next): (CMBitMap*) 0x0000025184cfeb60, (CMBitMap*) 0x0000025184cfeba0
 Prev Bits: [0x000002519d740000, 0x000002519f740000)
 Next Bits: [0x000002519f740000, 0x00000251a1740000)

Polling page: 0x0000025184460000

Metaspace:

Usage:
  Non-class:     75.37 MB used.
      Class:     12.34 MB used.
       Both:     87.71 MB used.

Virtual space:
  Non-class space:      128.00 MB reserved,      75.81 MB ( 59%) committed,  2 nodes.
      Class space:      416.00 MB reserved,      12.75 MB (  3%) committed,  1 nodes.
             Both:      544.00 MB reserved,      88.56 MB ( 16%) committed. 

Chunk freelists:
   Non-Class:  4.07 MB
       Class:  3.19 MB
        Both:  7.25 MB

MaxMetaspaceSize: 512.00 MB
CompressedClassSpaceSize: 416.00 MB
Initial GC threshold: 21.00 MB
Current GC threshold: 146.38 MB
CDS: on
MetaspaceReclaimPolicy: balanced
 - commit_granule_bytes: 65536.
 - commit_granule_words: 8192.
 - virtual_space_node_default_size: 8388608.
 - enlarge_chunks_in_place: 1.
 - new_chunks_are_fully_committed: 0.
 - uncommit_free_chunks: 1.
 - use_allocation_guard: 0.
 - handle_deallocations: 1.


Internal statistics:

num_allocs_failed_limit: 6.
num_arena_births: 1084.
num_arena_deaths: 0.
num_vsnodes_births: 3.
num_vsnodes_deaths: 0.
num_space_committed: 1418.
num_space_uncommitted: 0.
num_chunks_returned_to_freelist: 6.
num_chunks_taken_from_freelist: 4881.
num_chunk_merges: 6.
num_chunk_splits: 3218.
num_chunks_enlarged: 2110.
num_inconsistent_stats: 0.

CodeHeap 'non-profiled nmethods': size=120000Kb used=5939Kb max_used=5939Kb free=114060Kb
 bounds [0x0000025195610000, 0x0000025195be0000, 0x000002519cb40000]
CodeHeap 'profiled nmethods': size=120000Kb used=19416Kb max_used=19416Kb free=100583Kb
 bounds [0x000002518db40000, 0x000002518ee40000, 0x0000025195070000]
CodeHeap 'non-nmethods': size=5760Kb used=2396Kb max_used=2500Kb free=3363Kb
 bounds [0x0000025195070000, 0x0000025195300000, 0x0000025195610000]
 total_blobs=10491 nmethods=9558 adapters=845
 compilation: enabled
              stopped_count=0, restarted_count=0
 full_count=0

Compilation events (20 events):
Event: 54.484 Thread 0x00000251c3000080 nmethod 10949 0x000002518ee2ba90 code [0x000002518ee2bc80, 0x000002518ee2c158]
Event: 54.484 Thread 0x00000251c3000080 10950       3       groovy.lang.MetaClassImpl::checkIfStdMethod (178 bytes)
Event: 54.485 Thread 0x00000251a3c11320 nmethod 10920 0x0000025195bcb290 code [0x0000025195bcb860, 0x0000025195bd1568]
Event: 54.486 Thread 0x00000251c3000080 nmethod 10950 0x000002518ee2c390 code [0x000002518ee2c6a0, 0x000002518ee2d8e8]
Event: 54.487 Thread 0x00000251a3c11320 10936       4       org.gradle.internal.reflect.PropertyAccessorType::of (101 bytes)
Event: 54.500 Thread 0x00000251a3c11320 nmethod 10936 0x0000025195bd5b90 code [0x0000025195bd5d60, 0x0000025195bd61e8]
Event: 54.501 Thread 0x00000251a3c11320 10945       4       java.util.stream.Nodes$SpinedNodeBuilder::accept (29 bytes)
Event: 54.519 Thread 0x00000251a3c11320 nmethod 10945 0x0000025195bd6710 code [0x0000025195bd68e0, 0x0000025195bd7178]
Event: 54.519 Thread 0x00000251a3c11320 10942       4       java.util.stream.Sink$ChainedReference::begin (11 bytes)
Event: 54.520 Thread 0x00000251a3c11320 nmethod 10942 0x0000025195bd7510 code [0x0000025195bd7680, 0x0000025195bd7718]
Event: 54.520 Thread 0x00000251a3c11320 10894       4       java.util.LinkedHashSet::<init> (10 bytes)
Event: 54.521 Thread 0x00000251c3000080 10951       3       java.util.LinkedHashSet::<init> (27 bytes)
Event: 54.521 Thread 0x00000251c3000080 nmethod 10951 0x000002518ee2dd90 code [0x000002518ee2df80, 0x000002518ee2e328]
Event: 54.523 Thread 0x00000251a3c11320 nmethod 10894 0x0000025195bd7810 code [0x0000025195bd79a0, 0x0000025195bd7b78]
Event: 54.523 Thread 0x00000251a3c11320 10853       4       java.time.temporal.ValueRange::checkValidValue (24 bytes)
Event: 54.525 Thread 0x00000251a3c11320 nmethod 10853 0x0000025195bd7c90 code [0x0000025195bd7e00, 0x0000025195bd7ef8]
Event: 54.556 Thread 0x00000251a3c11320 10952   !   4       java.util.jar.JarFile::checkForSpecialAttributes (163 bytes)
Event: 54.595 Thread 0x00000251a3c11320 nmethod 10952 0x0000025195bd8010 code [0x0000025195bd8260, 0x0000025195bd9380]
Event: 54.623 Thread 0x00000251a3c11320 10953 %     4       org.codehaus.groovy.runtime.metaclass.MetaMethodIndex::resize @ 20 (103 bytes)
Event: 54.635 Thread 0x00000251a3c11320 nmethod 10953% 0x0000025195bd9d90 code [0x0000025195bd9f20, 0x0000025195bda4d8]

GC Heap History (20 events):
Event: 36.836 GC heap before
{Heap before GC invocations=35 (full 0):
 garbage-first heap   total 138240K, used 99727K [0x0000000080000000, 0x0000000100000000)
  region size 1024K, 24 young (24576K), 3 survivors (3072K)
 Metaspace       used 68832K, committed 69504K, reserved 491520K
  class space    used 9653K, committed 9984K, reserved 425984K
}
Event: 36.839 GC heap after
{Heap after GC invocations=36 (full 0):
 garbage-first heap   total 138240K, used 79671K [0x0000000080000000, 0x0000000100000000)
  region size 1024K, 1 young (1024K), 1 survivors (1024K)
 Metaspace       used 68832K, committed 69504K, reserved 491520K
  class space    used 9653K, committed 9984K, reserved 425984K
}
Event: 37.326 GC heap before
{Heap before GC invocations=37 (full 0):
 garbage-first heap   total 150528K, used 103223K [0x0000000080000000, 0x0000000100000000)
  region size 1024K, 24 young (24576K), 1 survivors (1024K)
 Metaspace       used 71185K, committed 71872K, reserved 491520K
  class space    used 9937K, committed 10240K, reserved 425984K
}
Event: 37.331 GC heap after
{Heap after GC invocations=38 (full 0):
 garbage-first heap   total 150528K, used 81213K [0x0000000080000000, 0x0000000100000000)
  region size 1024K, 3 young (3072K), 3 survivors (3072K)
 Metaspace       used 71185K, committed 71872K, reserved 491520K
  class space    used 9937K, committed 10240K, reserved 425984K
}
Event: 37.455 GC heap before
{Heap before GC invocations=38 (full 0):
 garbage-first heap   total 150528K, used 83261K [0x0000000080000000, 0x0000000100000000)
  region size 1024K, 6 young (6144K), 3 survivors (3072K)
 Metaspace       used 71669K, committed 72448K, reserved 491520K
  class space    used 9993K, committed 10368K, reserved 425984K
}
Event: 37.461 GC heap after
{Heap after GC invocations=39 (full 0):
 garbage-first heap   total 150528K, used 81355K [0x0000000080000000, 0x0000000100000000)
  region size 1024K, 3 young (3072K), 3 survivors (3072K)
 Metaspace       used 71669K, committed 72448K, reserved 491520K
  class space    used 9993K, committed 10368K, reserved 425984K
}
Event: 38.045 GC heap before
{Heap before GC invocations=40 (full 0):
 garbage-first heap   total 168960K, used 119243K [0x0000000080000000, 0x0000000100000000)
  region size 1024K, 34 young (34816K), 3 survivors (3072K)
 Metaspace       used 73087K, committed 73856K, reserved 491520K
  class space    used 10186K, committed 10496K, reserved 425984K
}
Event: 38.051 GC heap after
{Heap after GC invocations=41 (full 0):
 garbage-first heap   total 168960K, used 84373K [0x0000000080000000, 0x0000000100000000)
  region size 1024K, 5 young (5120K), 5 survivors (5120K)
 Metaspace       used 73087K, committed 73856K, reserved 491520K
  class space    used 10186K, committed 10496K, reserved 425984K
}
Event: 38.980 GC heap before
{Heap before GC invocations=41 (full 0):
 garbage-first heap   total 168960K, used 124309K [0x0000000080000000, 0x0000000100000000)
  region size 1024K, 44 young (45056K), 5 survivors (5120K)
 Metaspace       used 75958K, committed 76736K, reserved 557056K
  class space    used 10565K, committed 10944K, reserved 425984K
}
Event: 38.991 GC heap after
{Heap after GC invocations=42 (full 0):
 garbage-first heap   total 202752K, used 86553K [0x0000000080000000, 0x0000000100000000)
  region size 1024K, 3 young (3072K), 3 survivors (3072K)
 Metaspace       used 75958K, committed 76736K, reserved 557056K
  class space    used 10565K, committed 10944K, reserved 425984K
}
Event: 39.813 GC heap before
{Heap before GC invocations=43 (full 0):
 garbage-first heap   total 202752K, used 143897K [0x0000000080000000, 0x0000000100000000)
  region size 1024K, 59 young (60416K), 3 survivors (3072K)
 Metaspace       used 78028K, committed 78784K, reserved 557056K
  class space    used 10845K, committed 11200K, reserved 425984K
}
Event: 39.821 GC heap after
{Heap after GC invocations=44 (full 0):
 garbage-first heap   total 202752K, used 90248K [0x0000000080000000, 0x0000000100000000)
  region size 1024K, 6 young (6144K), 6 survivors (6144K)
 Metaspace       used 78028K, committed 78784K, reserved 557056K
  class space    used 10845K, committed 11200K, reserved 425984K
}
Event: 50.903 GC heap before
{Heap before GC invocations=44 (full 0):
 garbage-first heap   total 202752K, used 150664K [0x0000000080000000, 0x0000000100000000)
  region size 1024K, 64 young (65536K), 6 survivors (6144K)
 Metaspace       used 81122K, committed 81856K, reserved 557056K
  class space    used 11271K, committed 11648K, reserved 425984K
}
Event: 50.917 GC heap after
{Heap after GC invocations=45 (full 0):
 garbage-first heap   total 202752K, used 94518K [0x0000000080000000, 0x0000000100000000)
  region size 1024K, 8 young (8192K), 8 survivors (8192K)
 Metaspace       used 81122K, committed 81856K, reserved 557056K
  class space    used 11271K, committed 11648K, reserved 425984K
}
Event: 51.964 GC heap before
{Heap before GC invocations=45 (full 0):
 garbage-first heap   total 202752K, used 153910K [0x0000000080000000, 0x0000000100000000)
  region size 1024K, 66 young (67584K), 8 survivors (8192K)
 Metaspace       used 85157K, committed 85952K, reserved 557056K
  class space    used 12001K, committed 12352K, reserved 425984K
}
Event: 51.977 GC heap after
{Heap after GC invocations=46 (full 0):
 garbage-first heap   total 202752K, used 95819K [0x0000000080000000, 0x0000000100000000)
  region size 1024K, 6 young (6144K), 6 survivors (6144K)
 Metaspace       used 85157K, committed 85952K, reserved 557056K
  class space    used 12001K, committed 12352K, reserved 425984K
}
Event: 53.207 GC heap before
{Heap before GC invocations=46 (full 0):
 garbage-first heap   total 202752K, used 156235K [0x0000000080000000, 0x0000000100000000)
  region size 1024K, 66 young (67584K), 6 survivors (6144K)
 Metaspace       used 87846K, committed 88640K, reserved 557056K
  class space    used 12367K, committed 12736K, reserved 425984K
}
Event: 53.228 GC heap after
{Heap after GC invocations=47 (full 0):
 garbage-first heap   total 202752K, used 101614K [0x0000000080000000, 0x0000000100000000)
  region size 1024K, 8 young (8192K), 8 survivors (8192K)
 Metaspace       used 87846K, committed 88640K, reserved 557056K
  class space    used 12367K, committed 12736K, reserved 425984K
}
Event: 54.306 GC heap before
{Heap before GC invocations=47 (full 0):
 garbage-first heap   total 202752K, used 127214K [0x0000000080000000, 0x0000000100000000)
  region size 1024K, 35 young (35840K), 8 survivors (8192K)
 Metaspace       used 88674K, committed 89600K, reserved 557056K
  class space    used 12501K, committed 12928K, reserved 425984K
}
Event: 54.327 GC heap after
{Heap after GC invocations=48 (full 0):
 garbage-first heap   total 202752K, used 107104K [0x0000000080000000, 0x0000000100000000)
  region size 1024K, 6 young (6144K), 6 survivors (6144K)
 Metaspace       used 88674K, committed 89600K, reserved 557056K
  class space    used 12501K, committed 12928K, reserved 425984K
}

Dll operation events (15 events):
Event: 0.017 Loaded shared library C:\Program Files\OpenLogic\jdk-17.0.10.7-hotspot\bin\java.dll
Event: 0.043 Loaded shared library C:\Program Files\OpenLogic\jdk-17.0.10.7-hotspot\bin\jsvml.dll
Event: 0.189 Loaded shared library C:\Program Files\OpenLogic\jdk-17.0.10.7-hotspot\bin\zip.dll
Event: 0.203 Loaded shared library C:\Program Files\OpenLogic\jdk-17.0.10.7-hotspot\bin\instrument.dll
Event: 0.211 Loaded shared library C:\Program Files\OpenLogic\jdk-17.0.10.7-hotspot\bin\net.dll
Event: 0.213 Loaded shared library C:\Program Files\OpenLogic\jdk-17.0.10.7-hotspot\bin\nio.dll
Event: 0.221 Loaded shared library C:\Program Files\OpenLogic\jdk-17.0.10.7-hotspot\bin\zip.dll
Event: 0.542 Loaded shared library C:\Program Files\OpenLogic\jdk-17.0.10.7-hotspot\bin\jimage.dll
Event: 0.713 Loaded shared library C:\Program Files\OpenLogic\jdk-17.0.10.7-hotspot\bin\verify.dll
Event: 0.997 Loaded shared library C:\Users\DELL\.gradle\native\68d5fa5c4cc2d200863cafc0d521ce42e7d3e7ee720ec0a83991735586a16f82\windows-amd64\native-platform.dll
Event: 1.018 Loaded shared library C:\Users\DELL\.gradle\native\e376f236ea51e6404a007f0833ffe2c6e607c4080706a723a18a27aeea778392\windows-amd64\native-platform-file-events.dll
Event: 2.357 Loaded shared library C:\Program Files\OpenLogic\jdk-17.0.10.7-hotspot\bin\management.dll
Event: 2.360 Loaded shared library C:\Program Files\OpenLogic\jdk-17.0.10.7-hotspot\bin\management_ext.dll
Event: 2.690 Loaded shared library C:\Program Files\OpenLogic\jdk-17.0.10.7-hotspot\bin\extnet.dll
Event: 2.951 Loaded shared library C:\Program Files\OpenLogic\jdk-17.0.10.7-hotspot\bin\sunmscapi.dll

Deoptimization events (20 events):
Event: 54.483 Thread 0x00000251c4841510 Uncommon trap: trap_request=0xffffff45 fr.pc=0x000002519592d95c relative=0x0000000000000c1c
Event: 54.483 Thread 0x00000251c4841510 Uncommon trap: reason=unstable_if action=reinterpret pc=0x000002519592d95c method=groovy.lang.MetaClassImpl.checkIfStdMethod(Lgroovy/lang/MetaMethod;)V @ 167 c2
Event: 54.483 Thread 0x00000251c4841510 DEOPT PACKING pc=0x000002519592d95c sp=0x00000085487f71c0
Event: 54.483 Thread 0x00000251c4841510 DEOPT UNPACKING pc=0x00000251950c69a3 sp=0x00000085487f7188 mode 2
Event: 54.503 Thread 0x00000251c4841510 Uncommon trap: trap_request=0xffffffde fr.pc=0x0000025195a7315c relative=0x000000000000005c
Event: 54.503 Thread 0x00000251c4841510 Uncommon trap: reason=class_check action=maybe_recompile pc=0x0000025195a7315c method=groovy.lang.MetaMethod.isStatic()Z @ 1 c2
Event: 54.503 Thread 0x00000251c4841510 DEOPT PACKING pc=0x0000025195a7315c sp=0x00000085487f7200
Event: 54.503 Thread 0x00000251c4841510 DEOPT UNPACKING pc=0x00000251950c69a3 sp=0x00000085487f7188 mode 2
Event: 54.504 Thread 0x00000251c4841510 Uncommon trap: trap_request=0xffffffde fr.pc=0x0000025195a7315c relative=0x000000000000005c
Event: 54.504 Thread 0x00000251c4841510 Uncommon trap: reason=class_check action=maybe_recompile pc=0x0000025195a7315c method=groovy.lang.MetaMethod.isStatic()Z @ 1 c2
Event: 54.504 Thread 0x00000251c4841510 DEOPT PACKING pc=0x0000025195a7315c sp=0x00000085487f7200
Event: 54.504 Thread 0x00000251c4841510 DEOPT UNPACKING pc=0x00000251950c69a3 sp=0x00000085487f7188 mode 2
Event: 54.506 Thread 0x00000251c4841510 Uncommon trap: trap_request=0xffffffde fr.pc=0x0000025195a7315c relative=0x000000000000005c
Event: 54.506 Thread 0x00000251c4841510 Uncommon trap: reason=class_check action=maybe_recompile pc=0x0000025195a7315c method=groovy.lang.MetaMethod.isStatic()Z @ 1 c2
Event: 54.506 Thread 0x00000251c4841510 DEOPT PACKING pc=0x0000025195a7315c sp=0x00000085487f7200
Event: 54.506 Thread 0x00000251c4841510 DEOPT UNPACKING pc=0x00000251950c69a3 sp=0x00000085487f7188 mode 2
Event: 54.507 Thread 0x00000251c4841510 Uncommon trap: trap_request=0xffffffde fr.pc=0x0000025195a7315c relative=0x000000000000005c
Event: 54.507 Thread 0x00000251c4841510 Uncommon trap: reason=class_check action=maybe_recompile pc=0x0000025195a7315c method=groovy.lang.MetaMethod.isStatic()Z @ 1 c2
Event: 54.507 Thread 0x00000251c4841510 DEOPT PACKING pc=0x0000025195a7315c sp=0x00000085487f7200
Event: 54.508 Thread 0x00000251c4841510 DEOPT UNPACKING pc=0x00000251950c69a3 sp=0x00000085487f7188 mode 2

Classes unloaded (0 events):
No events

Classes redefined (0 events):
No events

Internal exceptions (20 events):
Event: 54.429 Thread 0x00000251c4841510 Exception <a 'java/lang/ClassNotFoundException'{0x000000008c258740}: com/android/build/gradle/internal/dsl/LintOptionsCustomizer> (0x000000008c258740) 
thrown [s\src\hotspot\share\classfile\systemDictionary.cpp, line 256]
Event: 54.433 Thread 0x00000251c4841510 Exception <a 'java/lang/ClassNotFoundException'{0x000000008c2a2d50}: com/android/build/gradle/internal/dsl/LintOptions_DecoratedCustomizer> (0x000000008c2a2d50) 
thrown [s\src\hotspot\share\classfile\systemDictionary.cpp, line 256]
Event: 54.442 Thread 0x00000251c4841510 Exception <a 'java/lang/ClassNotFoundException'{0x000000008c10b6e0}: org/gradle/api/JavaVersionBeanInfo> (0x000000008c10b6e0) 
thrown [s\src\hotspot\share\classfile\systemDictionary.cpp, line 256]
Event: 54.442 Thread 0x00000251c4841510 Exception <a 'java/lang/ClassNotFoundException'{0x000000008c115250}: java/lang/EnumBeanInfo> (0x000000008c115250) 
thrown [s\src\hotspot\share\classfile\systemDictionary.cpp, line 256]
Event: 54.443 Thread 0x00000251c4841510 Exception <a 'java/lang/ClassNotFoundException'{0x000000008c11f0c0}: java/lang/EnumCustomizer> (0x000000008c11f0c0) 
thrown [s\src\hotspot\share\classfile\systemDictionary.cpp, line 256]
Event: 54.445 Thread 0x00000251c4841510 Exception <a 'java/lang/ClassNotFoundException'{0x000000008c13dc08}: org/gradle/api/JavaVersionCustomizer> (0x000000008c13dc08) 
thrown [s\src\hotspot\share\classfile\systemDictionary.cpp, line 256]
Event: 54.448 Thread 0x00000251c4841510 Exception <a 'java/lang/ClassNotFoundException'{0x000000008c183148}: com/android/build/gradle/internal/CompileOptions$AgpDecorated_DecoratedBeanInfo> (0x000000008c183148) 
thrown [s\src\hotspot\share\classfile\systemDictionary.cpp, line 256]
Event: 54.451 Thread 0x00000251c4841510 Exception <a 'java/lang/ClassNotFoundException'{0x000000008c191470}: com/android/build/gradle/internal/CompileOptions$AgpDecoratedBeanInfo> (0x000000008c191470) 
thrown [s\src\hotspot\share\classfile\systemDictionary.cpp, line 256]
Event: 54.457 Thread 0x00000251c4841510 Exception <a 'java/lang/ClassNotFoundException'{0x000000008c19f388}: com/android/build/gradle/internal/CompileOptionsBeanInfo> (0x000000008c19f388) 
thrown [s\src\hotspot\share\classfile\systemDictionary.cpp, line 256]
Event: 54.458 Thread 0x00000251c4841510 Exception <a 'java/lang/ClassNotFoundException'{0x000000008c1ad2b0}: com/android/build/gradle/internal/CompileOptionsCustomizer> (0x000000008c1ad2b0) 
thrown [s\src\hotspot\share\classfile\systemDictionary.cpp, line 256]
Event: 54.459 Thread 0x00000251c4841510 Exception <a 'java/lang/ClassNotFoundException'{0x000000008c1c65d0}: com/android/build/gradle/internal/CompileOptions$AgpDecoratedCustomizer> (0x000000008c1c65d0) 
thrown [s\src\hotspot\share\classfile\systemDictionary.cpp, line 256]
Event: 54.460 Thread 0x00000251c4841510 Exception <a 'java/lang/ClassNotFoundException'{0x000000008c1d7d88}: com/android/build/gradle/internal/CompileOptions$AgpDecorated_DecoratedCustomizer> (0x000000008c1d7d88) 
thrown [s\src\hotspot\share\classfile\systemDictionary.cpp, line 256]
Event: 54.509 Thread 0x00000251c4841510 Exception <a 'java/lang/ClassNotFoundException'{0x000000008bf753c8}: java/lang/IntegerBeanInfo> (0x000000008bf753c8) 
thrown [s\src\hotspot\share\classfile\systemDictionary.cpp, line 256]
Event: 54.519 Thread 0x00000251c4841510 Exception <a 'java/lang/ClassNotFoundException'{0x000000008bf7e278}: java/lang/NumberBeanInfo> (0x000000008bf7e278) 
thrown [s\src\hotspot\share\classfile\systemDictionary.cpp, line 256]
Event: 54.520 Thread 0x00000251c4841510 Exception <a 'java/lang/ClassNotFoundException'{0x000000008bf873c0}: java/lang/NumberCustomizer> (0x000000008bf873c0) 
thrown [s\src\hotspot\share\classfile\systemDictionary.cpp, line 256]
Event: 54.520 Thread 0x00000251c4841510 Exception <a 'java/lang/ClassNotFoundException'{0x000000008bf92d98}: java/lang/IntegerCustomizer> (0x000000008bf92d98) 
thrown [s\src\hotspot\share\classfile\systemDictionary.cpp, line 256]
Event: 54.630 Thread 0x00000251c4841510 Exception <a 'java/lang/ClassNotFoundException'{0x000000008be49e80}: org/gradle/api/internal/artifacts/repositories/DefaultMavenArtifactRepository_DecoratedBeanInfo> (0x000000008be49e80) 
thrown [s\src\hotspot\share\classfile\systemDictionary.cpp, line 256]
Event: 54.632 Thread 0x00000251c4841510 Exception <a 'java/lang/ClassNotFoundException'{0x000000008be67568}: org/gradle/api/internal/artifacts/repositories/DefaultMavenArtifactRepositoryBeanInfo> (0x000000008be67568) 
thrown [s\src\hotspot\share\classfile\systemDictionary.cpp, line 256]
Event: 54.633 Thread 0x00000251c4841510 Exception <a 'java/lang/ClassNotFoundException'{0x000000008be853e8}: org/gradle/api/internal/artifacts/repositories/AbstractAuthenticationSupportedRepositoryBeanInfo> (0x000000008be853e8) 
thrown [s\src\hotspot\share\classfile\systemDictionary.cpp, line 256]
Event: 54.634 Thread 0x00000251c4841510 Exception <a 'java/lang/ClassNotFoundException'{0x000000008bea31e0}: org/gradle/api/internal/artifacts/repositories/AbstractResolutionAwareArtifactRepositoryBeanInfo> (0x000000008bea31e0) 
thrown [s\src\hotspot\share\classfile\systemDictionary.cpp, line 256]

VM Operations (20 events):
Event: 50.466 Executing VM operation: HandshakeAllThreads
Event: 50.467 Executing VM operation: HandshakeAllThreads done
Event: 50.903 Executing VM operation: G1CollectForAllocation
Event: 50.917 Executing VM operation: G1CollectForAllocation done
Event: 51.927 Executing VM operation: Cleanup
Event: 51.927 Executing VM operation: Cleanup done
Event: 51.964 Executing VM operation: G1CollectForAllocation
Event: 51.977 Executing VM operation: G1CollectForAllocation done
Event: 52.326 Executing VM operation: HandshakeAllThreads
Event: 52.326 Executing VM operation: HandshakeAllThreads done
Event: 53.013 Executing VM operation: ICBufferFull
Event: 53.013 Executing VM operation: ICBufferFull done
Event: 53.207 Executing VM operation: G1CollectForAllocation
Event: 53.228 Executing VM operation: G1CollectForAllocation done
Event: 54.103 Executing VM operation: ICBufferFull
Event: 54.104 Executing VM operation: ICBufferFull done
Event: 54.306 Executing VM operation: G1TryInitiateConcMark
Event: 54.327 Executing VM operation: G1TryInitiateConcMark done
Event: 54.509 Executing VM operation: G1PauseRemark
Event: 54.518 Executing VM operation: G1PauseRemark done

Events (20 events):
Event: 54.442 loading class java/lang/EnumCustomizer
Event: 54.442 loading class java/lang/EnumCustomizer done
Event: 54.443 loading class java/lang/EnumCustomizer
Event: 54.443 loading class java/lang/EnumCustomizer done
Event: 54.508 loading class java/lang/IntegerBeanInfo
Event: 54.508 loading class java/lang/IntegerBeanInfo done
Event: 54.509 loading class java/lang/IntegerBeanInfo
Event: 54.509 loading class java/lang/IntegerBeanInfo done
Event: 54.518 loading class java/lang/NumberBeanInfo
Event: 54.518 loading class java/lang/NumberBeanInfo done
Event: 54.519 loading class java/lang/NumberBeanInfo
Event: 54.519 loading class java/lang/NumberBeanInfo done
Event: 54.519 loading class java/lang/NumberCustomizer
Event: 54.519 loading class java/lang/NumberCustomizer done
Event: 54.520 loading class java/lang/NumberCustomizer
Event: 54.520 loading class java/lang/NumberCustomizer done
Event: 54.520 loading class java/lang/IntegerCustomizer
Event: 54.520 loading class java/lang/IntegerCustomizer done
Event: 54.520 loading class java/lang/IntegerCustomizer
Event: 54.520 loading class java/lang/IntegerCustomizer done


Dynamic libraries:
0x00007ff73d300000 - 0x00007ff73d30e000 	C:\Program Files\OpenLogic\jdk-17.0.10.7-hotspot\bin\java.exe
0x00007ffc484d0000 - 0x00007ffc486c8000 	C:\Windows\SYSTEM32\ntdll.dll
0x00007ffc477b0000 - 0x00007ffc47871000 	C:\Windows\System32\KERNEL32.DLL
0x00007ffc46160000 - 0x00007ffc46456000 	C:\Windows\System32\KERNELBASE.dll
0x00007ffc45c80000 - 0x00007ffc45d80000 	C:\Windows\System32\ucrtbase.dll
0x00007ffc3fd60000 - 0x00007ffc3fd7b000 	C:\Program Files\OpenLogic\jdk-17.0.10.7-hotspot\bin\VCRUNTIME140.dll
0x00007ffc3fba0000 - 0x00007ffc3fbb7000 	C:\Program Files\OpenLogic\jdk-17.0.10.7-hotspot\bin\jli.dll
0x00007ffc47aa0000 - 0x00007ffc47c3f000 	C:\Windows\System32\USER32.dll
0x00007ffc45f60000 - 0x00007ffc45f82000 	C:\Windows\System32\win32u.dll
0x00007ffc47d10000 - 0x00007ffc47d3b000 	C:\Windows\System32\GDI32.dll
0x00007ffc45f90000 - 0x00007ffc460a7000 	C:\Windows\System32\gdi32full.dll
0x00007ffc46460000 - 0x00007ffc464fd000 	C:\Windows\System32\msvcp_win.dll
0x00007ffc2e500000 - 0x00007ffc2e79a000 	C:\Windows\WinSxS\amd64_microsoft.windows.common-controls_6595b64144ccf1df_6.0.19041.4355_none_60b8b9eb71f62e16\COMCTL32.dll
0x00007ffc47880000 - 0x00007ffc4791e000 	C:\Windows\System32\msvcrt.dll
0x00007ffc47a60000 - 0x00007ffc47a8f000 	C:\Windows\System32\IMM32.DLL
0x00007ffc3fb90000 - 0x00007ffc3fb9c000 	C:\Program Files\OpenLogic\jdk-17.0.10.7-hotspot\bin\vcruntime140_1.dll
0x00007ffbe5820000 - 0x00007ffbe58ad000 	C:\Program Files\OpenLogic\jdk-17.0.10.7-hotspot\bin\msvcp140.dll
0x00007ffbdcf90000 - 0x00007ffbddbf2000 	C:\Program Files\OpenLogic\jdk-17.0.10.7-hotspot\bin\server\jvm.dll
0x00007ffc470b0000 - 0x00007ffc47160000 	C:\Windows\System32\ADVAPI32.dll
0x00007ffc47680000 - 0x00007ffc47720000 	C:\Windows\System32\sechost.dll
0x00007ffc466b0000 - 0x00007ffc467d3000 	C:\Windows\System32\RPCRT4.dll
0x00007ffc45dd0000 - 0x00007ffc45df7000 	C:\Windows\System32\bcrypt.dll
0x00007ffc459d0000 - 0x00007ffc45a1b000 	C:\Windows\SYSTEM32\POWRPROF.dll
0x00007ffc3b0d0000 - 0x00007ffc3b0d9000 	C:\Windows\SYSTEM32\WSOCK32.dll
0x00007ffc47f90000 - 0x00007ffc47ffb000 	C:\Windows\System32\WS2_32.dll
0x00007ffc3f310000 - 0x00007ffc3f337000 	C:\Windows\SYSTEM32\WINMM.dll
0x00007ffc3fd50000 - 0x00007ffc3fd5a000 	C:\Windows\SYSTEM32\VERSION.dll
0x00007ffc459b0000 - 0x00007ffc459c2000 	C:\Windows\SYSTEM32\UMPDC.dll
0x00007ffc44390000 - 0x00007ffc443a2000 	C:\Windows\SYSTEM32\kernel.appcore.dll
0x00007ffc3b0c0000 - 0x00007ffc3b0ca000 	C:\Program Files\OpenLogic\jdk-17.0.10.7-hotspot\bin\jimage.dll
0x00007ffc439d0000 - 0x00007ffc43bb4000 	C:\Windows\SYSTEM32\DBGHELP.DLL
0x00007ffc3e490000 - 0x00007ffc3e4c4000 	C:\Windows\SYSTEM32\dbgcore.DLL
0x00007ffc45b80000 - 0x00007ffc45c02000 	C:\Windows\System32\bcryptPrimitives.dll
0x00007ffc248f0000 - 0x00007ffc248fe000 	C:\Program Files\OpenLogic\jdk-17.0.10.7-hotspot\bin\instrument.dll
0x00007ffc3b090000 - 0x00007ffc3b0b5000 	C:\Program Files\OpenLogic\jdk-17.0.10.7-hotspot\bin\java.dll
0x00007ffbe5210000 - 0x00007ffbe52e6000 	C:\Program Files\OpenLogic\jdk-17.0.10.7-hotspot\bin\jsvml.dll
0x00007ffc468d0000 - 0x00007ffc4703c000 	C:\Windows\System32\SHELL32.dll
0x00007ffc43be0000 - 0x00007ffc4437e000 	C:\Windows\SYSTEM32\windows.storage.dll
0x00007ffc48000000 - 0x00007ffc48353000 	C:\Windows\System32\combase.dll
0x00007ffc454d0000 - 0x00007ffc454fe000 	C:\Windows\SYSTEM32\Wldp.dll
0x00007ffc47c40000 - 0x00007ffc47d0d000 	C:\Windows\System32\OLEAUT32.dll
0x00007ffc48380000 - 0x00007ffc4842d000 	C:\Windows\System32\SHCORE.dll
0x00007ffc47040000 - 0x00007ffc47095000 	C:\Windows\System32\shlwapi.dll
0x00007ffc45ab0000 - 0x00007ffc45ad4000 	C:\Windows\SYSTEM32\profapi.dll
0x00007ffc34430000 - 0x00007ffc34448000 	C:\Program Files\OpenLogic\jdk-17.0.10.7-hotspot\bin\zip.dll
0x00007ffc3aff0000 - 0x00007ffc3b009000 	C:\Program Files\OpenLogic\jdk-17.0.10.7-hotspot\bin\net.dll
0x00007ffc3d650000 - 0x00007ffc3d75a000 	C:\Windows\SYSTEM32\WINHTTP.dll
0x00007ffc45230000 - 0x00007ffc4529a000 	C:\Windows\system32\mswsock.dll
0x00007ffc34450000 - 0x00007ffc34466000 	C:\Program Files\OpenLogic\jdk-17.0.10.7-hotspot\bin\nio.dll
0x00007ffc3b030000 - 0x00007ffc3b040000 	C:\Program Files\OpenLogic\jdk-17.0.10.7-hotspot\bin\verify.dll
0x00007ffbedc30000 - 0x00007ffbedc57000 	C:\Users\DELL\.gradle\native\68d5fa5c4cc2d200863cafc0d521ce42e7d3e7ee720ec0a83991735586a16f82\windows-amd64\native-platform.dll
0x00007ffbe8640000 - 0x00007ffbe8784000 	C:\Users\DELL\.gradle\native\e376f236ea51e6404a007f0833ffe2c6e607c4080706a723a18a27aeea778392\windows-amd64\native-platform-file-events.dll
0x00007ffc36790000 - 0x00007ffc36799000 	C:\Program Files\OpenLogic\jdk-17.0.10.7-hotspot\bin\management.dll
0x00007ffc34420000 - 0x00007ffc3442b000 	C:\Program Files\OpenLogic\jdk-17.0.10.7-hotspot\bin\management_ext.dll
0x00007ffc470a0000 - 0x00007ffc470a8000 	C:\Windows\System32\PSAPI.DLL
0x00007ffc45430000 - 0x00007ffc45448000 	C:\Windows\SYSTEM32\CRYPTSP.dll
0x00007ffc44b50000 - 0x00007ffc44b84000 	C:\Windows\system32\rsaenh.dll
0x00007ffc45a20000 - 0x00007ffc45a4e000 	C:\Windows\SYSTEM32\USERENV.dll
0x00007ffc45420000 - 0x00007ffc4542c000 	C:\Windows\SYSTEM32\CRYPTBASE.dll
0x00007ffc44f10000 - 0x00007ffc44f4b000 	C:\Windows\SYSTEM32\IPHLPAPI.DLL
0x00007ffc47a90000 - 0x00007ffc47a98000 	C:\Windows\System32\NSI.dll
0x00007ffc3e8e0000 - 0x00007ffc3e8f7000 	C:\Windows\SYSTEM32\dhcpcsvc6.DLL
0x00007ffc3ef50000 - 0x00007ffc3ef6d000 	C:\Windows\SYSTEM32\dhcpcsvc.DLL
0x00007ffc44f50000 - 0x00007ffc4501a000 	C:\Windows\SYSTEM32\DNSAPI.dll
0x00007ffc27430000 - 0x00007ffc27438000 	C:\Program Files\OpenLogic\jdk-17.0.10.7-hotspot\bin\extnet.dll
0x00007ffc22de0000 - 0x00007ffc22dee000 	C:\Program Files\OpenLogic\jdk-17.0.10.7-hotspot\bin\sunmscapi.dll
0x00007ffc45e00000 - 0x00007ffc45f5e000 	C:\Windows\System32\CRYPT32.dll
0x00007ffc45540000 - 0x00007ffc45569000 	C:\Windows\SYSTEM32\ncrypt.dll
0x00007ffc45500000 - 0x00007ffc4553b000 	C:\Windows\SYSTEM32\NTASN1.dll
0x00007ffc09a60000 - 0x00007ffc09a67000 	C:\Windows\system32\wshunix.dll
0x00007ffc21b60000 - 0x00007ffc21b77000 	C:\Windows\system32\napinsp.dll
0x00007ffc27440000 - 0x00007ffc2745b000 	C:\Windows\system32\pnrpnsp.dll
0x00007ffc262d0000 - 0x00007ffc262e5000 	C:\Windows\system32\wshbth.dll
0x00007ffc3ff80000 - 0x00007ffc3ff9d000 	C:\Windows\system32\NLAapi.dll
0x00007ffc34230000 - 0x00007ffc34242000 	C:\Windows\System32\winrnr.dll
0x00007ffc36760000 - 0x00007ffc3676a000 	C:\Windows\System32\rasadhlp.dll
0x00007ffc367b0000 - 0x00007ffc36830000 	C:\Windows\System32\fwpuclnt.dll
0x00007ffc44c70000 - 0x00007ffc44ca3000 	C:\Windows\SYSTEM32\ntmarta.dll

dbghelp: loaded successfully - version: 4.0.5 - missing functions: none
symbol engine: initialized successfully - sym options: 0x614 - pdb path: .;C:\Program Files\OpenLogic\jdk-17.0.10.7-hotspot\bin;C:\Windows\SYSTEM32;C:\Windows\WinSxS\amd64_microsoft.windows.common-controls_6595b64144ccf1df_6.0.19041.4355_none_60b8b9eb71f62e16;C:\Program Files\OpenLogic\jdk-17.0.10.7-hotspot\bin\server;C:\Users\DELL\.gradle\native\68d5fa5c4cc2d200863cafc0d521ce42e7d3e7ee720ec0a83991735586a16f82\windows-amd64;C:\Users\DELL\.gradle\native\e376f236ea51e6404a007f0833ffe2c6e607c4080706a723a18a27aeea778392\windows-amd64

VM Arguments:
jvm_args: -XX:MaxMetaspaceSize=512m --add-opens=java.base/java.util=ALL-UNNAMED --add-opens=java.base/java.lang=ALL-UNNAMED --add-opens=java.base/java.lang.invoke=ALL-UNNAMED --add-opens=java.prefs/java.util.prefs=ALL-UNNAMED --add-opens=java.base/java.nio.charset=ALL-UNNAMED --add-opens=java.base/java.net=ALL-UNNAMED --add-opens=java.base/java.util.concurrent.atomic=ALL-UNNAMED -Xmx2048m -Dfile.encoding=windows-1252 -Duser.country=IN -Duser.language=en -Duser.variant -javaagent:C:\Users\DELL\.gradle\wrapper\dists\gradle-8.3-all\6en3ugtfdg5xnpx44z4qbwgas\gradle-8.3\lib\agents\gradle-instrumentation-agent-8.3.jar 
java_command: org.gradle.launcher.daemon.bootstrap.GradleDaemon 8.3
java_class_path (initial): C:\Users\DELL\.gradle\wrapper\dists\gradle-8.3-all\6en3ugtfdg5xnpx44z4qbwgas\gradle-8.3\lib\gradle-launcher-8.3.jar
Launcher Type: SUN_STANDARD

[Global flags]
     intx CICompilerCount                          = 3                                         {product} {ergonomic}
   size_t CompressedClassSpaceSize                 = 436207616                                 {product} {ergonomic}
     uint ConcGCThreads                            = 1                                         {product} {ergonomic}
     uint G1ConcRefinementThreads                  = 4                                         {product} {ergonomic}
   size_t G1HeapRegionSize                         = 1048576                                   {product} {ergonomic}
    uintx GCDrainStackTargetSize                   = 64                                        {product} {ergonomic}
   size_t InitialHeapSize                          = 134217728                                 {product} {ergonomic}
   size_t MarkStackSize                            = 4194304                                   {product} {ergonomic}
   size_t MaxHeapSize                              = 2147483648                                {product} {command line}
   size_t MaxMetaspaceSize                         = 536870912                                 {product} {command line}
   size_t MaxNewSize                               = 1287651328                                {product} {ergonomic}
   size_t MinHeapDeltaBytes                        = 1048576                                   {product} {ergonomic}
   size_t MinHeapSize                              = 8388608                                   {product} {ergonomic}
    uintx NonNMethodCodeHeapSize                   = 5832780                                {pd product} {ergonomic}
    uintx NonProfiledCodeHeapSize                  = 122912730                              {pd product} {ergonomic}
    uintx ProfiledCodeHeapSize                     = 122912730                              {pd product} {ergonomic}
    uintx ReservedCodeCacheSize                    = 251658240                              {pd product} {ergonomic}
     bool SegmentedCodeCache                       = true                                      {product} {ergonomic}
   size_t SoftMaxHeapSize                          = 2147483648                             {manageable} {ergonomic}
     bool UseCompressedClassPointers               = true                           {product lp64_product} {ergonomic}
     bool UseCompressedOops                        = true                           {product lp64_product} {ergonomic}
     bool UseG1GC                                  = true                                      {product} {ergonomic}
     bool UseLargePagesIndividualAllocation        = false                                  {pd product} {ergonomic}

Logging:
Log output configuration:
 #0: stdout all=warning uptime,level,tags
 #1: stderr all=off uptime,level,tags

Environment Variables:
JAVA_HOME=C:\Program Files\OpenLogic\jdk-17.0.10.7-hotspot
CLASSPATH=D:\Raghavendra_Chaubey\TAxi_App\Taxi_Driverapp\android\\gradle\wrapper\gradle-wrapper.jar
PATH=D:\Raghavendra_Chaubey\TAxi_App\Taxi_Driverapp\node_modules\.bin;D:\Raghavendra_Chaubey\TAxi_App\node_modules\.bin;D:\Raghavendra_Chaubey\node_modules\.bin;D:\node_modules\.bin;C:\Users\DELL\AppData\Roaming\npm\node_modules\npm\node_modules\@npmcli\run-script\lib\node-gyp-bin;C:\Program Files\OpenLogic\jdk-17.0.10.7-hotspot\bin;C:\Program Files\Common Files\Oracle\Java\javapath;C:\Windows\system32;C:\Windows;C:\Windows\System32\Wbem;C:\Windows\System32\WindowsPowerShell\v1.0\;C:\Windows\System32\OpenSSH\;C:\Program Files\nodejs\;C:\Program Files\Java\jdk-11.0.17\bin;C:\Program Files\Common Files\Oracle\Java\javapath;C:\Program Files\Git\cmd;C:\Users\DELL\AppData\Local\Android\Sdk\platform-tools;C:\Users\DELL\AppData\Local\Android\Sdk\tools;C:\Users\DELL\AppData\Local\Android\Sdk\platform-tools;C:\Users\DELL\AppData\Local\Android\Sdk\tools;C:\Users\DELL\.console-ninja\.bin;C:\Users\DELL\AppData\Local\Microsoft\WindowsApps;;C:\Users\DELL\AppData\Local\Programs\Microsoft VS Code\bin;C:\Users\DELL\AppData\Roaming\npm
USERNAME=DELL
LANG=en_US.UTF-8
OS=Windows_NT
PROCESSOR_IDENTIFIER=Intel64 Family 6 Model 94 Stepping 3, GenuineIntel
TMP=C:\Users\DELL\AppData\Local\Temp
TEMP=C:\Users\DELL\AppData\Local\Temp



Periodic native trim disabled


---------------  S Y S T E M  ---------------

OS:
 Windows 10 , 64 bit Build 19041 (10.0.19041.4597)
OS uptime: 0 days 0:10 hours

CPU: total 4 (initial active 4) (4 cores per cpu, 1 threads per core) family 6 model 94 stepping 3 microcode 0xf0, cx8, cmov, fxsr, mmx, 3dnowpref, sse, sse2, sse3, ssse3, sse4.1, sse4.2, popcnt, lzcnt, tsc, tscinvbit, avx, avx2, aes, erms, clmul, bmi1, bmi2, rtm, adx, fma, vzeroupper, clflush, clflushopt
Processor Information for all 4 processors :
  Max Mhz: 2601, Current Mhz: 1500, Mhz Limit: 2601

Memory: 4k page, system-wide physical 8073M (1679M free)
TotalPageFile size 17289M (AvailPageFile size 10695M)
current process WorkingSet (physical memory assigned to process): 458M, peak: 460M
current process commit charge ("private bytes"): 493M, peak: 496M

vm_info: OpenJDK 64-Bit Server VM (17.0.10+7-adhoc..jdk17u) for windows-amd64 JRE (17.0.10+7-adhoc..jdk17u), built on Jan 24 2024 08:51:31 by "" with MS VC++ 16.10 / 16.11 (VS2019)

END.
